__main__: None -> <PyScript '__main__' C:\Users\Alex\Dropbox\Github\Private\PLT-SLAMM\pyinstaller-2.0 for windows\support\_pyi_bootstrap.py imports=[('archive', 0, 0, -1), ('iu', 0, 0, -1), ('sys', 0, 0, -1), ('os', 0, 0, -1), ('site', 0, 0, -1)] binaries=[] datas=[]>
archive: None -> <PyModule 'archive' C:\Users\Alex\Dropbox\Github\Private\PLT-SLAMM\pyinstaller-2.0 for windows\PyInstaller\loader\archive.pyc imports=[('marshal', 0, 0, -1), ('struct', 0, 0, -1), ('imp', 0, 0, -1), ('sys', 0, 0, -1), ('iu', 0, 0, -1), ('imp', 1, 0, -1), ('os', 1, 1, -1), ('zlib', 1, 1, -1), ('AES', 1, 1, -1), ('os', 1, 1, -1), ('os', 1, 1, -1)] binaries=[] datas=[]>
iu: None -> <PyModule 'iu' C:\Users\Alex\Dropbox\Github\Private\PLT-SLAMM\pyinstaller-2.0 for windows\PyInstaller\loader\iu.pyc imports=[('sys', 0, 0, -1), ('imp', 0, 0, -1), ('marshal', 0, 0, -1), ('zipimport', 0, 0, -1), ('__builtin__', 1, 0, -1), ('posix', 1, 1, -1), ('posix.stat', 1, 1, -1), ('posix.getcwd', 1, 1, -1), ('posix.environ', 1, 1, -1), ('posix.listdir', 1, 1, -1), ('nt', 1, 1, -1), ('nt.stat', 1, 1, -1), ('nt.getcwd', 1, 1, -1), ('nt.environ', 1, 1, -1), ('nt.listdir', 1, 1, -1)] binaries=[] datas=[]>
sys: None -> <BuiltinModule 'sys' None imports=[] binaries=[] datas=[]>
os: None -> <PyModule 'os' C:\Python27\lib\os.pyc imports=[('sys', 0, 0, -1), ('errno', 0, 0, -1), ('posix', 0, 1, -1), ('posix.*', 0, 1, -1), ('posix', 0, 1, -1), ('posix._exit', 0, 1, -1), ('posixpath', 0, 1, -1), ('posix', 0, 1, -1), ('nt', 0, 1, -1), ('nt.*', 0, 1, -1), ('nt', 0, 1, -1), ('nt._exit', 0, 1, -1), ('ntpath', 0, 1, -1), ('nt', 0, 1, -1), ('ntpath', 0, 1, -1), ('os2emxpath', 0, 1, -1), ('_emx_link', 0, 1, -1), ('_emx_link.link', 0, 1, -1), ('ntpath', 0, 1, -1), ('os.path', 0, 0, -1), ('os.path.curdir', 0, 0, -1), ('os.path.pardir', 0, 0, -1), ('os.path.sep', 0, 0, -1), ('os.path.pathsep', 0, 0, -1), ('os.path.defpath', 0, 0, -1), ('os.path.extsep', 0, 0, -1), ('os.path.altsep', 0, 0, -1), ('os.path.devnull', 0, 0, -1), ('UserDict', 0, 1, -1), ('copy_reg', 0, 0, -1), ('warnings', 1, 0, -1), ('subprocess', 1, 0, -1), ('warnings', 1, 0, -1), ('subprocess', 1, 0, -1), ('warnings', 1, 0, -1), ('subprocess', 1, 0, -1)] binaries=[] datas=[]>
site: None -> <PyModule 'site' C:\Users\Alex\Dropbox\Github\Private\PLT-SLAMM\pyinstaller-2.0 for windows\PyInstaller\fake\fake-site.pyc imports=[] binaries=[] datas=[]>
marshal: None -> <BuiltinModule 'marshal' None imports=[] binaries=[] datas=[]>
struct: None -> <PyModule 'struct' C:\Python27\lib\struct.pyc imports=[('_struct', 0, 0, -1), ('_struct.*', 0, 0, -1), ('_struct', 0, 0, -1), ('_struct._clearcache', 0, 0, -1), ('_struct', 0, 0, -1), ('_struct.__doc__', 0, 0, -1)] binaries=[] datas=[]>
imp: None -> <BuiltinModule 'imp' None imports=[] binaries=[] datas=[]>
zlib: None -> <BuiltinModule 'zlib' None imports=[] binaries=[] datas=[]>
AES: None -> None
  DEL AES
_struct: None -> <BuiltinModule '_struct' None imports=[] binaries=[] datas=[]>
zipimport: None -> <BuiltinModule 'zipimport' None imports=[] binaries=[] datas=[]>
__builtin__: None -> <BuiltinModule '__builtin__' None imports=[] binaries=[] datas=[]>
posix: None -> None
  DEL posix
posix: None -> None
  DEL posix
posix: None -> None
  DEL posix
posix: None -> None
  DEL posix
posix: None -> None
  DEL posix
nt: None -> <BuiltinModule 'nt' None imports=[] binaries=[] datas=[]>
errno: None -> <BuiltinModule 'errno' None imports=[] binaries=[] datas=[]>
posix: None -> None
  DEL posix
posix: None -> None
  DEL posix
posix: None -> None
  DEL posix
posix: None -> None
  DEL posix
posixpath: None -> <PyModule 'posixpath' C:\Python27\lib\posixpath.pyc imports=[('os', 0, 0, -1), ('sys', 0, 0, -1), ('stat', 0, 0, -1), ('genericpath', 0, 0, -1), ('warnings', 0, 0, -1), ('genericpath', 0, 0, -1), ('genericpath.*', 0, 0, -1), ('pwd', 1, 1, -1), ('pwd', 1, 1, -1), ('re', 1, 1, -1)] binaries=[] datas=[]>
posix: None -> None
  DEL posix
ntpath: None -> <PyModule 'ntpath' C:\Python27\lib\ntpath.pyc imports=[('os', 0, 0, -1), ('sys', 0, 0, -1), ('stat', 0, 0, -1), ('genericpath', 0, 0, -1), ('warnings', 0, 0, -1), ('genericpath', 0, 0, -1), ('genericpath.*', 0, 0, -1), ('nt', 0, 0, -1), ('nt._getfullpathname', 0, 0, -1), ('nt', 0, 0, -1), ('nt._isdir', 0, 0, -1), ('string', 1, 0, -1)] binaries=[] datas=[]>
os2emxpath: None -> <PyModule 'os2emxpath' C:\Python27\lib\os2emxpath.pyc imports=[('os', 0, 0, -1), ('stat', 0, 0, -1), ('genericpath', 0, 0, -1), ('genericpath.*', 0, 0, -1), ('ntpath', 0, 0, -1), ('ntpath.expanduser', 0, 0, -1), ('ntpath.expandvars', 0, 0, -1), ('ntpath.isabs', 0, 0, -1), ('ntpath.islink', 0, 0, -1), ('ntpath.splitdrive', 0, 0, -1), ('ntpath.splitext', 0, 0, -1), ('ntpath.split', 0, 0, -1), ('ntpath.walk', 0, 0, -1)] binaries=[] datas=[]>
_emx_link: None -> None
  DEL _emx_link
_emx_link: None -> None
  DEL _emx_link
UserDict: None -> <PyModule 'UserDict' C:\Python27\lib\UserDict.pyc imports=[('_abcoll', 0, 0, -1), ('copy', 1, 0, -1)] binaries=[] datas=[]>
copy_reg: None -> <PyModule 'copy_reg' C:\Python27\lib\copy_reg.pyc imports=[('types', 0, 0, -1), ('types.ClassType', 0, 0, -1)] binaries=[] datas=[]>
warnings: None -> <PyModule 'warnings' C:\Python27\lib\warnings.pyc imports=[('linecache', 0, 0, -1), ('sys', 0, 0, -1), ('types', 0, 0, -1), ('_warnings', 0, 0, -1), ('_warnings.filters', 0, 0, -1), ('_warnings.default_action', 0, 0, -1), ('_warnings.once_registry', 0, 0, -1), ('_warnings.warn', 0, 0, -1), ('_warnings.warn_explicit', 0, 0, -1), ('re', 1, 0, -1), ('re', 1, 0, -1), ('re', 1, 0, -1)] binaries=[] datas=[]>
subprocess: None -> <PyModule 'subprocess' C:\Python27\lib\subprocess.pyc imports=[('sys', 0, 0, -1), ('os', 0, 0, -1), ('types', 0, 0, -1), ('traceback', 0, 0, -1), ('gc', 0, 0, -1), ('signal', 0, 0, -1), ('errno', 0, 0, -1), ('threading', 0, 1, -1), ('msvcrt', 0, 1, -1), ('_subprocess', 0, 1, -1), ('select', 0, 1, -1), ('fcntl', 0, 1, -1), ('pickle', 0, 1, -1), ('_subprocess', 0, 1, -1), ('_subprocess.CREATE_NEW_CONSOLE', 0, 1, -1), ('_subprocess.CREATE_NEW_PROCESS_GROUP', 0, 1, -1), ('_subprocess.STD_INPUT_HANDLE', 0, 1, -1), ('_subprocess.STD_OUTPUT_HANDLE', 0, 1, -1), ('_subprocess.STD_ERROR_HANDLE', 0, 1, -1), ('_subprocess.SW_HIDE', 0, 1, -1), ('_subprocess.STARTF_USESTDHANDLES', 0, 1, -1), ('_subprocess.STARTF_USESHOWWINDOW', 0, 1, -1)] binaries=[] datas=[]>
stat: None -> <PyModule 'stat' C:\Python27\lib\stat.pyc imports=[] binaries=[] datas=[]>
genericpath: None -> <PyModule 'genericpath' C:\Python27\lib\genericpath.pyc imports=[('os', 0, 0, -1), ('stat', 0, 0, -1)] binaries=[] datas=[]>
pwd: None -> None
  DEL pwd
pwd: None -> None
  DEL pwd
re: None -> <PyModule 're' C:\Python27\lib\re.pyc imports=[('sys', 0, 0, -1), ('sre_compile', 0, 0, -1), ('sre_parse', 0, 0, -1), ('copy_reg', 0, 0, -1), ('sre_constants', 1, 0, -1), ('sre_constants.BRANCH', 1, 0, -1), ('sre_constants.SUBPATTERN', 1, 0, -1)] binaries=[] datas=[]>
linecache: None -> <PyModule 'linecache' C:\Python27\lib\linecache.pyc imports=[('sys', 0, 0, -1), ('os', 0, 0, -1)] binaries=[] datas=[]>
types: None -> <PyModule 'types' C:\Python27\lib\types.pyc imports=[('sys', 0, 0, -1)] binaries=[] datas=[]>
_warnings: None -> <BuiltinModule '_warnings' None imports=[] binaries=[] datas=[]>
sre_compile: None -> <PyModule 'sre_compile' C:\Python27\lib\sre_compile.pyc imports=[('_sre', 0, 0, -1), ('sys', 0, 0, -1), ('sre_parse', 0, 0, -1), ('sre_constants', 0, 0, -1), ('sre_constants.*', 0, 0, -1), ('_sre', 0, 0, -1), ('_sre.MAXREPEAT', 0, 0, -1), ('array', 1, 0, -1)] binaries=[] datas=[]>
sre_parse: None -> <PyModule 'sre_parse' C:\Python27\lib\sre_parse.pyc imports=[('sys', 0, 0, -1), ('sre_constants', 0, 0, -1), ('sre_constants.*', 0, 0, -1), ('_sre', 0, 0, -1), ('_sre.MAXREPEAT', 0, 0, -1)] binaries=[] datas=[]>
sre_constants: None -> <PyModule 'sre_constants' C:\Python27\lib\sre_constants.pyc imports=[('_sre', 0, 0, -1), ('_sre.MAXREPEAT', 0, 0, -1)] binaries=[] datas=[]>
_sre: None -> <BuiltinModule '_sre' None imports=[('copy_reg', 0, 0, -1)] binaries=[] datas=[]>
array: None -> <BuiltinModule 'array' None imports=[] binaries=[] datas=[]>
string: None -> <PyModule 'string' C:\Python27\lib\string.pyc imports=[('re', 0, 0, -1), ('strop', 0, 0, -1), ('strop.maketrans', 0, 0, -1), ('strop.lowercase', 0, 0, -1), ('strop.uppercase', 0, 0, -1), ('strop.whitespace', 0, 0, -1)] binaries=[] datas=[]>
strop: None -> <BuiltinModule 'strop' None imports=[] binaries=[] datas=[]>
_abcoll: None -> <PyModule '_abcoll' C:\Python27\lib\_abcoll.pyc imports=[('abc', 0, 0, -1), ('abc.ABCMeta', 0, 0, -1), ('abc.abstractmethod', 0, 0, -1), ('sys', 0, 0, -1)] binaries=[] datas=[]>
copy: None -> <PyModule 'copy' C:\Python27\lib\copy.pyc imports=[('types', 0, 0, -1), ('weakref', 0, 0, -1), ('copy_reg', 0, 0, -1), ('copy_reg.dispatch_table', 0, 0, -1), ('org.python.core', 0, 0, -1), ('org.python.core.PyStringMap', 0, 0, -1), ('repr', 1, 0, -1), ('repr', 1, 0, -1), ('sys', 1, 1, -1)] binaries=[] datas=[]>
abc: None -> <PyModule 'abc' C:\Python27\lib\abc.pyc imports=[('types', 0, 0, -1), ('_weakrefset', 0, 0, -1), ('_weakrefset.WeakSet', 0, 0, -1)] binaries=[] datas=[]>
_weakrefset: None -> <PyModule '_weakrefset' C:\Python27\lib\_weakrefset.pyc imports=[('_weakref', 0, 0, -1), ('_weakref.ref', 0, 0, -1)] binaries=[] datas=[]>
_weakref: None -> <BuiltinModule '_weakref' None imports=[] binaries=[] datas=[]>
weakref: None -> <PyModule 'weakref' C:\Python27\lib\weakref.pyc imports=[('UserDict', 0, 0, -1), ('_weakref', 0, 0, -1), ('_weakref.getweakrefcount', 0, 0, -1), ('_weakref.getweakrefs', 0, 0, -1), ('_weakref.ref', 0, 0, -1), ('_weakref.proxy', 0, 0, -1), ('_weakref.CallableProxyType', 0, 0, -1), ('_weakref.ProxyType', 0, 0, -1), ('_weakref.ReferenceType', 0, 0, -1), ('_weakrefset', 0, 0, -1), ('_weakrefset.WeakSet', 0, 0, -1), ('exceptions', 0, 0, -1), ('exceptions.ReferenceError', 0, 0, -1), ('copy', 1, 0, -1), ('copy.deepcopy', 1, 0, -1), ('copy', 1, 0, -1), ('copy.deepcopy', 1, 0, -1)] binaries=[] datas=[]>
org: None -> None
  DEL org
org: None -> None
  DEL org
repr: None -> <PyModule 'repr' C:\Python27\lib\repr.pyc imports=[('__builtin__', 0, 0, -1), ('itertools', 0, 0, -1), ('itertools.islice', 0, 0, -1)] binaries=[] datas=[]>
exceptions: None -> <BuiltinModule 'exceptions' None imports=[] binaries=[] datas=[]>
itertools: None -> <BuiltinModule 'itertools' None imports=[] binaries=[] datas=[]>
traceback: None -> <PyModule 'traceback' C:\Python27\lib\traceback.pyc imports=[('linecache', 0, 0, -1), ('sys', 0, 0, -1), ('types', 0, 0, -1)] binaries=[] datas=[]>
gc: None -> <BuiltinModule 'gc' None imports=[] binaries=[] datas=[]>
signal: None -> <BuiltinModule 'signal' None imports=[] binaries=[] datas=[]>
threading: None -> <PyModule 'threading' C:\Python27\lib\threading.pyc imports=[('sys', 0, 0, -1), ('thread', 0, 0, -1), ('warnings', 0, 0, -1), ('collections', 0, 0, -1), ('collections.deque', 0, 0, -1), ('time', 0, 0, -1), ('time.time', 0, 0, -1), ('time.sleep', 0, 0, -1), ('traceback', 0, 0, -1), ('traceback.format_exc', 0, 0, -1), ('thread', 0, 0, -1), ('thread.stack_size', 0, 0, -1), ('thread', 0, 0, -1), ('thread._local', 0, 0, -1), ('_threading_local', 0, 1, -1), ('_threading_local.local', 0, 1, -1), ('random', 1, 0, -1), ('random.random', 1, 0, -1)] binaries=[] datas=[]>
msvcrt: None -> <BuiltinModule 'msvcrt' None imports=[] binaries=[] datas=[]>
_subprocess: None -> <BuiltinModule '_subprocess' None imports=[] binaries=[] datas=[]>
select: None -> <ExtensionModule 'select' C:\Python27\DLLs\select.pyd imports=[] binaries=[] datas=[]>
fcntl: None -> None
  DEL fcntl
pickle: None -> <PyModule 'pickle' C:\Python27\lib\pickle.pyc imports=[('types', 0, 0, -1), ('types.*', 0, 0, -1), ('copy_reg', 0, 0, -1), ('copy_reg.dispatch_table', 0, 0, -1), ('copy_reg', 0, 0, -1), ('copy_reg._extension_registry', 0, 0, -1), ('copy_reg._inverted_registry', 0, 0, -1), ('copy_reg._extension_cache', 0, 0, -1), ('marshal', 0, 0, -1), ('sys', 0, 0, -1), ('struct', 0, 0, -1), ('re', 0, 0, -1), ('org.python.core', 0, 0, -1), ('org.python.core.PyStringMap', 0, 0, -1), ('binascii', 0, 0, -1), ('cStringIO', 0, 0, -1), ('cStringIO.StringIO', 0, 0, -1), ('StringIO', 0, 1, -1), ('StringIO.StringIO', 0, 1, -1), ('doctest', 1, 0, -1)] binaries=[] datas=[]>
thread: None -> <BuiltinModule 'thread' None imports=[] binaries=[] datas=[]>
collections: None -> <PyModule 'collections' C:\Python27\lib\collections.pyc imports=[('_abcoll', 0, 0, -1), ('_abcoll.*', 0, 0, -1), ('_abcoll', 0, 0, -1), ('_collections', 0, 0, -1), ('_collections.deque', 0, 0, -1), ('_collections.defaultdict', 0, 0, -1), ('operator', 0, 0, -1), ('operator.itemgetter', 0, 0, -1), ('operator.eq', 0, 0, -1), ('keyword', 0, 0, -1), ('keyword.iskeyword', 0, 0, -1), ('sys', 0, 0, -1), ('heapq', 0, 0, -1), ('itertools', 0, 0, -1), ('itertools.repeat', 0, 0, -1), ('itertools.chain', 0, 0, -1), ('itertools.starmap', 0, 0, -1), ('itertools', 0, 0, -1), ('itertools.imap', 0, 0, -1), ('thread', 0, 0, -1), ('thread.get_ident', 0, 0, -1), ('dummy_thread', 0, 1, -1), ('dummy_thread.get_ident', 0, 1, -1), ('cPickle', 0, 1, -1), ('cPickle.loads', 0, 1, -1), ('cPickle.dumps', 0, 1, -1), ('doctest', 0, 1, -1)] binaries=[] datas=[]>
time: None -> <BuiltinModule 'time' None imports=[('_strptime', 0, 0, -1)] binaries=[] datas=[]>
_threading_local: None -> <PyModule '_threading_local' C:\Python27\lib\_threading_local.pyc imports=[('threading', 0, 0, -1), ('threading.current_thread', 0, 0, -1), ('threading.RLock', 0, 0, -1), ('threading', 1, 0, -1)] binaries=[] datas=[]>
random: None -> <PyModule 'random' C:\Python27\lib\random.pyc imports=[('__future__', 0, 0, -1), ('__future__.division', 0, 0, -1), ('warnings', 0, 0, -1), ('warnings.warn', 0, 0, -1), ('types', 0, 0, -1), ('types.MethodType', 0, 0, -1), ('types.BuiltinMethodType', 0, 0, -1), ('math', 0, 0, -1), ('math.log', 0, 0, -1), ('math.exp', 0, 0, -1), ('math.pi', 0, 0, -1), ('math.e', 0, 0, -1), ('math.ceil', 0, 0, -1), ('math', 0, 0, -1), ('math.sqrt', 0, 0, -1), ('math.acos', 0, 0, -1), ('math.cos', 0, 0, -1), ('math.sin', 0, 0, -1), ('os', 0, 0, -1), ('os.urandom', 0, 0, -1), ('binascii', 0, 0, -1), ('binascii.hexlify', 0, 0, -1), ('hashlib', 0, 0, -1), ('_random', 0, 0, -1), ('time', 1, 1, -1), ('time', 1, 1, -1), ('time', 1, 1, -1), ('time', 1, 0, -1)] binaries=[] datas=[]>
_collections: None -> <BuiltinModule '_collections' None imports=[] binaries=[] datas=[]>
operator: None -> <BuiltinModule 'operator' None imports=[] binaries=[] datas=[]>
keyword: None -> <PyModule 'keyword' C:\Python27\lib\keyword.pyc imports=[('sys', 1, 0, -1), ('re', 1, 0, -1)] binaries=[] datas=[]>
heapq: None -> <PyModule 'heapq' C:\Python27\lib\heapq.pyc imports=[('itertools', 0, 0, -1), ('itertools.islice', 0, 0, -1), ('itertools.count', 0, 0, -1), ('itertools.imap', 0, 0, -1), ('itertools.izip', 0, 0, -1), ('itertools.tee', 0, 0, -1), ('itertools.chain', 0, 0, -1), ('operator', 0, 0, -1), ('operator.itemgetter', 0, 0, -1), ('_heapq', 0, 0, -1), ('_heapq.*', 0, 0, -1), ('doctest', 0, 1, -1)] binaries=[] datas=[]>
dummy_thread: None -> <PyModule 'dummy_thread' C:\Python27\lib\dummy_thread.pyc imports=[('traceback', 0, 0, -1)] binaries=[] datas=[]>
cPickle: None -> <BuiltinModule 'cPickle' None imports=[('copy_reg', 0, 0, -1), ('types', 0, 0, -1), ('string', 0, 0, -1)] binaries=[] datas=[]>
doctest: None -> <PyModule 'doctest' C:\Python27\lib\doctest.pyc imports=[('__future__', 0, 0, -1), ('sys', 0, 0, -1), ('traceback', 0, 0, -1), ('inspect', 0, 0, -1), ('linecache', 0, 0, -1), ('os', 0, 0, -1), ('re', 0, 0, -1), ('unittest', 0, 0, -1), ('difflib', 0, 0, -1), ('pdb', 0, 0, -1), ('tempfile', 0, 0, -1), ('warnings', 0, 0, -1), ('StringIO', 0, 0, -1), ('StringIO.StringIO', 0, 0, -1), ('collections', 0, 0, -1), ('collections.namedtuple', 0, 0, -1), ('types', 1, 0, -1), ('types', 1, 0, -1), ('pdb', 1, 0, -1)] binaries=[] datas=[]>
_heapq: None -> <BuiltinModule '_heapq' None imports=[] binaries=[] datas=[]>
__future__: None -> <PyModule '__future__' C:\Python27\lib\__future__.pyc imports=[] binaries=[] datas=[]>
inspect: None -> <PyModule 'inspect' C:\Python27\lib\inspect.pyc imports=[('sys', 0, 0, -1), ('os', 0, 0, -1), ('types', 0, 0, -1), ('string', 0, 0, -1), ('re', 0, 0, -1), ('dis', 0, 0, -1), ('imp', 0, 0, -1), ('tokenize', 0, 0, -1), ('linecache', 0, 0, -1), ('operator', 0, 0, -1), ('operator.attrgetter', 0, 0, -1), ('collections', 0, 0, -1), ('collections.namedtuple', 0, 0, -1)] binaries=[] datas=[]>
unittest: None -> <PkgModule 'unittest' C:\Python27\lib\unittest\__init__.pyc imports=[('result', 0, 0, 1), ('result.TestResult', 0, 0, 1), ('case', 0, 0, 1), ('case.TestCase', 0, 0, 1), ('case.FunctionTestCase', 0, 0, 1), ('case.SkipTest', 0, 0, 1), ('case.skip', 0, 0, 1), ('case.skipIf', 0, 0, 1), ('case.skipUnless', 0, 0, 1), ('case.expectedFailure', 0, 0, 1), ('suite', 0, 0, 1), ('suite.BaseTestSuite', 0, 0, 1), ('suite.TestSuite', 0, 0, 1), ('loader', 0, 0, 1), ('loader.TestLoader', 0, 0, 1), ('loader.defaultTestLoader', 0, 0, 1), ('loader.makeSuite', 0, 0, 1), ('loader.getTestCaseNames', 0, 0, 1), ('loader.findTestCases', 0, 0, 1), ('main', 0, 0, 1), ('main.TestProgram', 0, 0, 1), ('main.main', 0, 0, 1), ('runner', 0, 0, 1), ('runner.TextTestRunner', 0, 0, 1), ('runner.TextTestResult', 0, 0, 1), ('signals', 0, 0, 1), ('signals.installHandler', 0, 0, 1), ('signals.registerResult', 0, 0, 1), ('signals.removeResult', 0, 0, 1), ('signals.removeHandler', 0, 0, 1)] binaries=[] datas=[]>
difflib: None -> <PyModule 'difflib' C:\Python27\lib\difflib.pyc imports=[('heapq', 0, 0, -1), ('collections', 0, 0, -1), ('collections.namedtuple', 0, 0, -1), ('functools', 0, 0, -1), ('functools.reduce', 0, 0, -1), ('re', 0, 0, -1), ('re', 1, 0, -1), ('doctest', 1, 0, -1), ('difflib', 1, 0, -1)] binaries=[] datas=[]>
pdb: None -> <PyModule 'pdb' C:\Python27\lib\pdb.pyc imports=[('sys', 0, 0, -1), ('linecache', 0, 0, -1), ('cmd', 0, 0, -1), ('bdb', 0, 0, -1), ('repr', 0, 0, -1), ('repr.Repr', 0, 0, -1), ('os', 0, 0, -1), ('re', 0, 0, -1), ('pprint', 0, 0, -1), ('traceback', 0, 0, -1), ('pdb', 0, 1, -1), ('readline', 1, 0, -1), ('shlex', 1, 1, -1), ('__main__', 1, 0, -1)] binaries=[] datas=[]>
tempfile: None -> <PyModule 'tempfile' C:\Python27\lib\tempfile.pyc imports=[('io', 0, 0, -1), ('os', 0, 0, -1), ('errno', 0, 0, -1), ('random', 0, 0, -1), ('random.Random', 0, 0, -1), ('cStringIO', 0, 0, -1), ('cStringIO.StringIO', 0, 0, -1), ('StringIO', 0, 1, -1), ('StringIO.StringIO', 0, 1, -1), ('fcntl', 0, 0, -1), ('thread', 0, 0, -1), ('dummy_thread', 0, 1, -1)] binaries=[] datas=[]>
StringIO: None -> <PyModule 'StringIO' C:\Python27\lib\StringIO.pyc imports=[('errno', 0, 0, -1), ('errno.EINVAL', 0, 0, -1), ('sys', 1, 0, -1)] binaries=[] datas=[]>
dis: None -> <PyModule 'dis' C:\Python27\lib\dis.pyc imports=[('sys', 0, 0, -1), ('types', 0, 0, -1), ('opcode', 0, 0, -1), ('opcode.*', 0, 0, -1), ('opcode', 0, 0, -1), ('opcode.__all__', 0, 0, -1)] binaries=[] datas=[]>
tokenize: None -> <PyModule 'tokenize' C:\Python27\lib\tokenize.pyc imports=[('string', 0, 0, -1), ('re', 0, 0, -1), ('token', 0, 0, -1), ('token.*', 0, 0, -1), ('token', 0, 0, -1), ('sys', 0, 1, -1)] binaries=[] datas=[]>
opcode: None -> <PyModule 'opcode' C:\Python27\lib\opcode.pyc imports=[] binaries=[] datas=[]>
token: None -> <PyModule 'token' C:\Python27\lib\token.pyc imports=[('re', 1, 0, -1), ('sys', 1, 0, -1)] binaries=[] datas=[]>
unittest.result: None -> <PyModule 'unittest.result' C:\Python27\lib\unittest\result.pyc imports=[('os', 0, 0, -1), ('sys', 0, 0, -1), ('traceback', 0, 0, -1), ('StringIO', 0, 0, -1), ('StringIO.StringIO', 0, 0, -1), ('', 0, 0, 1), ('util', 0, 0, 1), ('functools', 0, 0, -1), ('functools.wraps', 0, 0, -1)] binaries=[] datas=[]>
unittest.case: None -> <PyModule 'unittest.case' C:\Python27\lib\unittest\case.pyc imports=[('collections', 0, 0, -1), ('sys', 0, 0, -1), ('functools', 0, 0, -1), ('difflib', 0, 0, -1), ('pprint', 0, 0, -1), ('re', 0, 0, -1), ('types', 0, 0, -1), ('warnings', 0, 0, -1), ('', 0, 0, 1), ('result', 0, 0, 1), ('util', 0, 0, 1), ('util.strclass', 0, 0, 1), ('util.safe_repr', 0, 0, 1), ('util.unorderable_list_difference', 0, 0, 1), ('util._count_diff_all_purpose', 0, 0, 1), ('util._count_diff_hashable', 0, 0, 1)] binaries=[] datas=[]>
unittest.suite: None -> <PyModule 'unittest.suite' C:\Python27\lib\unittest\suite.pyc imports=[('sys', 0, 0, -1), ('', 0, 0, 1), ('case', 0, 0, 1), ('', 0, 0, 1), ('util', 0, 0, 1)] binaries=[] datas=[]>
unittest.loader: None -> <PyModule 'unittest.loader' C:\Python27\lib\unittest\loader.pyc imports=[('os', 0, 0, -1), ('re', 0, 0, -1), ('sys', 0, 0, -1), ('traceback', 0, 0, -1), ('types', 0, 0, -1), ('functools', 0, 0, -1), ('functools.cmp_to_key', 0, 0, -1), ('fnmatch', 0, 0, -1), ('fnmatch.fnmatch', 0, 0, -1), ('', 0, 0, 1), ('case', 0, 0, 1), ('suite', 0, 0, 1)] binaries=[] datas=[]>
unittest.main: None -> <PyModule 'unittest.main' C:\Python27\lib\unittest\main.pyc imports=[('sys', 0, 0, -1), ('os', 0, 0, -1), ('types', 0, 0, -1), ('', 0, 0, 1), ('loader', 0, 0, 1), ('runner', 0, 0, 1), ('signals', 0, 0, 1), ('signals.installHandler', 0, 0, 1), ('getopt', 1, 0, -1), ('optparse', 1, 0, -1)] binaries=[] datas=[]>
unittest.runner: None -> <PyModule 'unittest.runner' C:\Python27\lib\unittest\runner.pyc imports=[('sys', 0, 0, -1), ('time', 0, 0, -1), ('', 0, 0, 1), ('result', 0, 0, 1), ('signals', 0, 0, 1), ('signals.registerResult', 0, 0, 1)] binaries=[] datas=[]>
unittest.signals: None -> <PyModule 'unittest.signals' C:\Python27\lib\unittest\signals.pyc imports=[('signal', 0, 0, -1), ('weakref', 0, 0, -1), ('functools', 0, 0, -1), ('functools.wraps', 0, 0, -1)] binaries=[] datas=[]>
unittest.os: None -> None
unittest.sys: None -> None
unittest.traceback: None -> None
unittest.StringIO: None -> None
unittest.util: None -> <PyModule 'unittest.util' C:\Python27\lib\unittest\util.pyc imports=[('collections', 0, 0, -1), ('collections.namedtuple', 0, 0, -1), ('collections.OrderedDict', 0, 0, -1)] binaries=[] datas=[]>
unittest.functools: None -> None
functools: None -> <PyModule 'functools' C:\Python27\lib\functools.pyc imports=[('_functools', 0, 0, -1), ('_functools.partial', 0, 0, -1), ('_functools.reduce', 0, 0, -1)] binaries=[] datas=[]>
unittest.collections: None -> None
_functools: None -> <BuiltinModule '_functools' None imports=[] binaries=[] datas=[]>
unittest.difflib: None -> None
unittest.pprint: None -> None
pprint: None -> <PyModule 'pprint' C:\Python27\lib\pprint.pyc imports=[('sys', 0, 0, -1), ('warnings', 0, 0, -1), ('cStringIO', 0, 0, -1), ('cStringIO.StringIO', 0, 0, -1), ('time', 1, 0, -1)] binaries=[] datas=[]>
unittest.re: None -> None
unittest.types: None -> None
unittest.warnings: None -> None
cStringIO: None -> <BuiltinModule 'cStringIO' None imports=[('copy_reg', 0, 0, -1)] binaries=[] datas=[]>
_strptime: None -> <PyModule '_strptime' C:\Python27\lib\_strptime.pyc imports=[('time', 0, 0, -1), ('locale', 0, 0, -1), ('calendar', 0, 0, -1), ('re', 0, 0, -1), ('re.compile', 0, 0, -1), ('re', 0, 0, -1), ('re.IGNORECASE', 0, 0, -1), ('re', 0, 0, -1), ('re.escape', 0, 0, -1), ('datetime', 0, 0, -1), ('datetime.date', 0, 0, -1), ('thread', 0, 0, -1), ('thread.allocate_lock', 0, 0, -1), ('dummy_thread', 0, 0, -1), ('dummy_thread.allocate_lock', 0, 0, -1)] binaries=[] datas=[]>
locale: None -> <PyModule 'locale' C:\Python27\lib\locale.pyc imports=[('sys', 0, 0, -1), ('encodings', 0, 0, -1), ('encodings.aliases', 0, 0, -1), ('re', 0, 0, -1), ('operator', 0, 0, -1), ('functools', 0, 0, -1), ('_locale', 0, 0, -1), ('_locale.*', 0, 0, -1), ('_locale', 1, 0, -1), ('os', 1, 0, -1), ('_locale', 1, 0, -1)] binaries=[] datas=[]>
calendar: None -> <PyModule 'calendar' C:\Python27\lib\calendar.pyc imports=[('sys', 0, 0, -1), ('datetime', 0, 0, -1), ('locale', 0, 0, -1), ('optparse', 1, 0, -1)] binaries=[] datas=[]>
datetime: None -> <BuiltinModule 'datetime' None imports=[] binaries=[] datas=[]>
encodings: None -> <PkgModule 'encodings' C:\Python27\lib\encodings\__init__.pyc imports=[('codecs', 0, 0, -1), ('encodings', 0, 0, -1), ('encodings.aliases', 0, 0, -1), ('__builtin__', 0, 0, -1), ('aliases', 0, 0, -1), ('ascii', 0, 0, -1), ('base64_codec', 0, 0, -1), ('big5', 0, 0, -1), ('big5hkscs', 0, 0, -1), ('bz2_codec', 0, 0, -1), ('charmap', 0, 0, -1), ('cp037', 0, 0, -1), ('cp1006', 0, 0, -1), ('cp1026', 0, 0, -1), ('cp1140', 0, 0, -1), ('cp1250', 0, 0, -1), ('cp1251', 0, 0, -1), ('cp1252', 0, 0, -1), ('cp1253', 0, 0, -1), ('cp1254', 0, 0, -1), ('cp1255', 0, 0, -1), ('cp1256', 0, 0, -1), ('cp1257', 0, 0, -1), ('cp1258', 0, 0, -1), ('cp424', 0, 0, -1), ('cp437', 0, 0, -1), ('cp500', 0, 0, -1), ('cp720', 0, 0, -1), ('cp737', 0, 0, -1), ('cp775', 0, 0, -1), ('cp850', 0, 0, -1), ('cp852', 0, 0, -1), ('cp855', 0, 0, -1), ('cp856', 0, 0, -1), ('cp857', 0, 0, -1), ('cp858', 0, 0, -1), ('cp860', 0, 0, -1), ('cp861', 0, 0, -1), ('cp862', 0, 0, -1), ('cp863', 0, 0, -1), ('cp864', 0, 0, -1), ('cp865', 0, 0, -1), ('cp866', 0, 0, -1), ('cp869', 0, 0, -1), ('cp874', 0, 0, -1), ('cp875', 0, 0, -1), ('cp932', 0, 0, -1), ('cp949', 0, 0, -1), ('cp950', 0, 0, -1), ('euc_jisx0213', 0, 0, -1), ('euc_jis_2004', 0, 0, -1), ('euc_jp', 0, 0, -1), ('euc_kr', 0, 0, -1), ('gb18030', 0, 0, -1), ('gb2312', 0, 0, -1), ('gbk', 0, 0, -1), ('hex_codec', 0, 0, -1), ('hp_roman8', 0, 0, -1), ('hz', 0, 0, -1), ('idna', 0, 0, -1), ('iso2022_jp', 0, 0, -1), ('iso2022_jp_1', 0, 0, -1), ('iso2022_jp_2', 0, 0, -1), ('iso2022_jp_2004', 0, 0, -1), ('iso2022_jp_3', 0, 0, -1), ('iso2022_jp_ext', 0, 0, -1), ('iso2022_kr', 0, 0, -1), ('iso8859_1', 0, 0, -1), ('iso8859_10', 0, 0, -1), ('iso8859_11', 0, 0, -1), ('iso8859_13', 0, 0, -1), ('iso8859_14', 0, 0, -1), ('iso8859_15', 0, 0, -1), ('iso8859_16', 0, 0, -1), ('iso8859_2', 0, 0, -1), ('iso8859_3', 0, 0, -1), ('iso8859_4', 0, 0, -1), ('iso8859_5', 0, 0, -1), ('iso8859_6', 0, 0, -1), ('iso8859_7', 0, 0, -1), ('iso8859_8', 0, 0, -1), ('iso8859_9', 0, 0, -1), ('johab', 0, 0, -1), ('koi8_r', 0, 0, -1), ('koi8_u', 0, 0, -1), ('latin_1', 0, 0, -1), ('mac_arabic', 0, 0, -1), ('mac_centeuro', 0, 0, -1), ('mac_croatian', 0, 0, -1), ('mac_cyrillic', 0, 0, -1), ('mac_farsi', 0, 0, -1), ('mac_greek', 0, 0, -1), ('mac_iceland', 0, 0, -1), ('mac_latin2', 0, 0, -1), ('mac_roman', 0, 0, -1), ('mac_romanian', 0, 0, -1), ('mac_turkish', 0, 0, -1), ('mbcs', 0, 0, -1), ('palmos', 0, 0, -1), ('ptcp154', 0, 0, -1), ('punycode', 0, 0, -1), ('quopri_codec', 0, 0, -1), ('raw_unicode_escape', 0, 0, -1), ('rot_13', 0, 0, -1), ('shift_jis', 0, 0, -1), ('shift_jisx0213', 0, 0, -1), ('shift_jis_2004', 0, 0, -1), ('string_escape', 0, 0, -1), ('tis_620', 0, 0, -1), ('undefined', 0, 0, -1), ('unicode_escape', 0, 0, -1), ('unicode_internal', 0, 0, -1), ('utf_16', 0, 0, -1), ('utf_16_be', 0, 0, -1), ('utf_16_le', 0, 0, -1), ('utf_32', 0, 0, -1), ('utf_32_be', 0, 0, -1), ('utf_32_le', 0, 0, -1), ('utf_7', 0, 0, -1), ('utf_8', 0, 0, -1), ('utf_8_sig', 0, 0, -1), ('uu_codec', 0, 0, -1), ('zlib_codec', 0, 0, -1)] binaries=[] datas=[]>
encodings.aliases: None -> <PyModule 'encodings.aliases' C:\Python27\lib\encodings\aliases.pyc imports=[] binaries=[] datas=[]>
_locale: None -> <BuiltinModule '_locale' None imports=[] binaries=[] datas=[]>
encodings.codecs: None -> None
codecs: None -> <PyModule 'codecs' C:\Python27\lib\codecs.pyc imports=[('__builtin__', 0, 0, -1), ('sys', 0, 0, -1), ('_codecs', 0, 0, -1), ('_codecs.*', 0, 0, -1), ('encodings', 0, 1, -1), ('encodings', 0, 0, -1)] binaries=[] datas=[]>
encodings.encodings: None -> None
encodings.__builtin__: None -> None
encodings.ascii: None -> <PyModule 'encodings.ascii' C:\Python27\lib\encodings\ascii.pyc imports=[('codecs', 0, 0, -1)] binaries=[] datas=[]>
encodings.base64_codec: None -> <PyModule 'encodings.base64_codec' C:\Python27\lib\encodings\base64_codec.pyc imports=[('codecs', 0, 0, -1), ('base64', 0, 0, -1)] binaries=[] datas=[]>
encodings.big5: None -> <PyModule 'encodings.big5' C:\Python27\lib\encodings\big5.pyc imports=[('_codecs_tw', 0, 0, -1), ('codecs', 0, 0, -1), ('_multibytecodec', 0, 0, -1)] binaries=[] datas=[]>
encodings.big5hkscs: None -> <PyModule 'encodings.big5hkscs' C:\Python27\lib\encodings\big5hkscs.pyc imports=[('_codecs_hk', 0, 0, -1), ('codecs', 0, 0, -1), ('_multibytecodec', 0, 0, -1)] binaries=[] datas=[]>
encodings.bz2_codec: None -> <PyModule 'encodings.bz2_codec' C:\Python27\lib\encodings\bz2_codec.pyc imports=[('codecs', 0, 0, -1), ('bz2', 0, 0, -1)] binaries=[] datas=[]>
encodings.charmap: None -> <PyModule 'encodings.charmap' C:\Python27\lib\encodings\charmap.pyc imports=[('codecs', 0, 0, -1)] binaries=[] datas=[]>
encodings.cp037: None -> <PyModule 'encodings.cp037' C:\Python27\lib\encodings\cp037.pyc imports=[('codecs', 0, 0, -1)] binaries=[] datas=[]>
encodings.cp1006: None -> <PyModule 'encodings.cp1006' C:\Python27\lib\encodings\cp1006.pyc imports=[('codecs', 0, 0, -1)] binaries=[] datas=[]>
encodings.cp1026: None -> <PyModule 'encodings.cp1026' C:\Python27\lib\encodings\cp1026.pyc imports=[('codecs', 0, 0, -1)] binaries=[] datas=[]>
encodings.cp1140: None -> <PyModule 'encodings.cp1140' C:\Python27\lib\encodings\cp1140.pyc imports=[('codecs', 0, 0, -1)] binaries=[] datas=[]>
encodings.cp1250: None -> <PyModule 'encodings.cp1250' C:\Python27\lib\encodings\cp1250.pyc imports=[('codecs', 0, 0, -1)] binaries=[] datas=[]>
encodings.cp1251: None -> <PyModule 'encodings.cp1251' C:\Python27\lib\encodings\cp1251.pyc imports=[('codecs', 0, 0, -1)] binaries=[] datas=[]>
encodings.cp1252: None -> <PyModule 'encodings.cp1252' C:\Python27\lib\encodings\cp1252.pyc imports=[('codecs', 0, 0, -1)] binaries=[] datas=[]>
encodings.cp1253: None -> <PyModule 'encodings.cp1253' C:\Python27\lib\encodings\cp1253.pyc imports=[('codecs', 0, 0, -1)] binaries=[] datas=[]>
encodings.cp1254: None -> <PyModule 'encodings.cp1254' C:\Python27\lib\encodings\cp1254.pyc imports=[('codecs', 0, 0, -1)] binaries=[] datas=[]>
encodings.cp1255: None -> <PyModule 'encodings.cp1255' C:\Python27\lib\encodings\cp1255.pyc imports=[('codecs', 0, 0, -1)] binaries=[] datas=[]>
encodings.cp1256: None -> <PyModule 'encodings.cp1256' C:\Python27\lib\encodings\cp1256.pyc imports=[('codecs', 0, 0, -1)] binaries=[] datas=[]>
encodings.cp1257: None -> <PyModule 'encodings.cp1257' C:\Python27\lib\encodings\cp1257.pyc imports=[('codecs', 0, 0, -1)] binaries=[] datas=[]>
encodings.cp1258: None -> <PyModule 'encodings.cp1258' C:\Python27\lib\encodings\cp1258.pyc imports=[('codecs', 0, 0, -1)] binaries=[] datas=[]>
encodings.cp424: None -> <PyModule 'encodings.cp424' C:\Python27\lib\encodings\cp424.pyc imports=[('codecs', 0, 0, -1)] binaries=[] datas=[]>
encodings.cp437: None -> <PyModule 'encodings.cp437' C:\Python27\lib\encodings\cp437.pyc imports=[('codecs', 0, 0, -1)] binaries=[] datas=[]>
encodings.cp500: None -> <PyModule 'encodings.cp500' C:\Python27\lib\encodings\cp500.pyc imports=[('codecs', 0, 0, -1)] binaries=[] datas=[]>
encodings.cp720: None -> <PyModule 'encodings.cp720' C:\Python27\lib\encodings\cp720.pyc imports=[('codecs', 0, 0, -1)] binaries=[] datas=[]>
encodings.cp737: None -> <PyModule 'encodings.cp737' C:\Python27\lib\encodings\cp737.pyc imports=[('codecs', 0, 0, -1)] binaries=[] datas=[]>
encodings.cp775: None -> <PyModule 'encodings.cp775' C:\Python27\lib\encodings\cp775.pyc imports=[('codecs', 0, 0, -1)] binaries=[] datas=[]>
encodings.cp850: None -> <PyModule 'encodings.cp850' C:\Python27\lib\encodings\cp850.pyc imports=[('codecs', 0, 0, -1)] binaries=[] datas=[]>
encodings.cp852: None -> <PyModule 'encodings.cp852' C:\Python27\lib\encodings\cp852.pyc imports=[('codecs', 0, 0, -1)] binaries=[] datas=[]>
encodings.cp855: None -> <PyModule 'encodings.cp855' C:\Python27\lib\encodings\cp855.pyc imports=[('codecs', 0, 0, -1)] binaries=[] datas=[]>
encodings.cp856: None -> <PyModule 'encodings.cp856' C:\Python27\lib\encodings\cp856.pyc imports=[('codecs', 0, 0, -1)] binaries=[] datas=[]>
encodings.cp857: None -> <PyModule 'encodings.cp857' C:\Python27\lib\encodings\cp857.pyc imports=[('codecs', 0, 0, -1)] binaries=[] datas=[]>
encodings.cp858: None -> <PyModule 'encodings.cp858' C:\Python27\lib\encodings\cp858.pyc imports=[('codecs', 0, 0, -1)] binaries=[] datas=[]>
encodings.cp860: None -> <PyModule 'encodings.cp860' C:\Python27\lib\encodings\cp860.pyc imports=[('codecs', 0, 0, -1)] binaries=[] datas=[]>
encodings.cp861: None -> <PyModule 'encodings.cp861' C:\Python27\lib\encodings\cp861.pyc imports=[('codecs', 0, 0, -1)] binaries=[] datas=[]>
encodings.cp862: None -> <PyModule 'encodings.cp862' C:\Python27\lib\encodings\cp862.pyc imports=[('codecs', 0, 0, -1)] binaries=[] datas=[]>
encodings.cp863: None -> <PyModule 'encodings.cp863' C:\Python27\lib\encodings\cp863.pyc imports=[('codecs', 0, 0, -1)] binaries=[] datas=[]>
encodings.cp864: None -> <PyModule 'encodings.cp864' C:\Python27\lib\encodings\cp864.pyc imports=[('codecs', 0, 0, -1)] binaries=[] datas=[]>
encodings.cp865: None -> <PyModule 'encodings.cp865' C:\Python27\lib\encodings\cp865.pyc imports=[('codecs', 0, 0, -1)] binaries=[] datas=[]>
encodings.cp866: None -> <PyModule 'encodings.cp866' C:\Python27\lib\encodings\cp866.pyc imports=[('codecs', 0, 0, -1)] binaries=[] datas=[]>
encodings.cp869: None -> <PyModule 'encodings.cp869' C:\Python27\lib\encodings\cp869.pyc imports=[('codecs', 0, 0, -1)] binaries=[] datas=[]>
encodings.cp874: None -> <PyModule 'encodings.cp874' C:\Python27\lib\encodings\cp874.pyc imports=[('codecs', 0, 0, -1)] binaries=[] datas=[]>
encodings.cp875: None -> <PyModule 'encodings.cp875' C:\Python27\lib\encodings\cp875.pyc imports=[('codecs', 0, 0, -1)] binaries=[] datas=[]>
encodings.cp932: None -> <PyModule 'encodings.cp932' C:\Python27\lib\encodings\cp932.pyc imports=[('_codecs_jp', 0, 0, -1), ('codecs', 0, 0, -1), ('_multibytecodec', 0, 0, -1)] binaries=[] datas=[]>
encodings.cp949: None -> <PyModule 'encodings.cp949' C:\Python27\lib\encodings\cp949.pyc imports=[('_codecs_kr', 0, 0, -1), ('codecs', 0, 0, -1), ('_multibytecodec', 0, 0, -1)] binaries=[] datas=[]>
encodings.cp950: None -> <PyModule 'encodings.cp950' C:\Python27\lib\encodings\cp950.pyc imports=[('_codecs_tw', 0, 0, -1), ('codecs', 0, 0, -1), ('_multibytecodec', 0, 0, -1)] binaries=[] datas=[]>
encodings.euc_jisx0213: None -> <PyModule 'encodings.euc_jisx0213' C:\Python27\lib\encodings\euc_jisx0213.pyc imports=[('_codecs_jp', 0, 0, -1), ('codecs', 0, 0, -1), ('_multibytecodec', 0, 0, -1)] binaries=[] datas=[]>
encodings.euc_jis_2004: None -> <PyModule 'encodings.euc_jis_2004' C:\Python27\lib\encodings\euc_jis_2004.pyc imports=[('_codecs_jp', 0, 0, -1), ('codecs', 0, 0, -1), ('_multibytecodec', 0, 0, -1)] binaries=[] datas=[]>
encodings.euc_jp: None -> <PyModule 'encodings.euc_jp' C:\Python27\lib\encodings\euc_jp.pyc imports=[('_codecs_jp', 0, 0, -1), ('codecs', 0, 0, -1), ('_multibytecodec', 0, 0, -1)] binaries=[] datas=[]>
encodings.euc_kr: None -> <PyModule 'encodings.euc_kr' C:\Python27\lib\encodings\euc_kr.pyc imports=[('_codecs_kr', 0, 0, -1), ('codecs', 0, 0, -1), ('_multibytecodec', 0, 0, -1)] binaries=[] datas=[]>
encodings.gb18030: None -> <PyModule 'encodings.gb18030' C:\Python27\lib\encodings\gb18030.pyc imports=[('_codecs_cn', 0, 0, -1), ('codecs', 0, 0, -1), ('_multibytecodec', 0, 0, -1)] binaries=[] datas=[]>
encodings.gb2312: None -> <PyModule 'encodings.gb2312' C:\Python27\lib\encodings\gb2312.pyc imports=[('_codecs_cn', 0, 0, -1), ('codecs', 0, 0, -1), ('_multibytecodec', 0, 0, -1)] binaries=[] datas=[]>
encodings.gbk: None -> <PyModule 'encodings.gbk' C:\Python27\lib\encodings\gbk.pyc imports=[('_codecs_cn', 0, 0, -1), ('codecs', 0, 0, -1), ('_multibytecodec', 0, 0, -1)] binaries=[] datas=[]>
encodings.hex_codec: None -> <PyModule 'encodings.hex_codec' C:\Python27\lib\encodings\hex_codec.pyc imports=[('codecs', 0, 0, -1), ('binascii', 0, 0, -1)] binaries=[] datas=[]>
encodings.hp_roman8: None -> <PyModule 'encodings.hp_roman8' C:\Python27\lib\encodings\hp_roman8.pyc imports=[('codecs', 0, 0, -1)] binaries=[] datas=[]>
encodings.hz: None -> <PyModule 'encodings.hz' C:\Python27\lib\encodings\hz.pyc imports=[('_codecs_cn', 0, 0, -1), ('codecs', 0, 0, -1), ('_multibytecodec', 0, 0, -1)] binaries=[] datas=[]>
encodings.idna: None -> <PyModule 'encodings.idna' C:\Python27\lib\encodings\idna.pyc imports=[('stringprep', 0, 0, -1), ('re', 0, 0, -1), ('codecs', 0, 0, -1), ('unicodedata', 0, 0, -1), ('unicodedata.ucd_3_2_0', 0, 0, -1)] binaries=[] datas=[]>
encodings.iso2022_jp: None -> <PyModule 'encodings.iso2022_jp' C:\Python27\lib\encodings\iso2022_jp.pyc imports=[('_codecs_iso2022', 0, 0, -1), ('codecs', 0, 0, -1), ('_multibytecodec', 0, 0, -1)] binaries=[] datas=[]>
encodings.iso2022_jp_1: None -> <PyModule 'encodings.iso2022_jp_1' C:\Python27\lib\encodings\iso2022_jp_1.pyc imports=[('_codecs_iso2022', 0, 0, -1), ('codecs', 0, 0, -1), ('_multibytecodec', 0, 0, -1)] binaries=[] datas=[]>
encodings.iso2022_jp_2: None -> <PyModule 'encodings.iso2022_jp_2' C:\Python27\lib\encodings\iso2022_jp_2.pyc imports=[('_codecs_iso2022', 0, 0, -1), ('codecs', 0, 0, -1), ('_multibytecodec', 0, 0, -1)] binaries=[] datas=[]>
encodings.iso2022_jp_2004: None -> <PyModule 'encodings.iso2022_jp_2004' C:\Python27\lib\encodings\iso2022_jp_2004.pyc imports=[('_codecs_iso2022', 0, 0, -1), ('codecs', 0, 0, -1), ('_multibytecodec', 0, 0, -1)] binaries=[] datas=[]>
encodings.iso2022_jp_3: None -> <PyModule 'encodings.iso2022_jp_3' C:\Python27\lib\encodings\iso2022_jp_3.pyc imports=[('_codecs_iso2022', 0, 0, -1), ('codecs', 0, 0, -1), ('_multibytecodec', 0, 0, -1)] binaries=[] datas=[]>
encodings.iso2022_jp_ext: None -> <PyModule 'encodings.iso2022_jp_ext' C:\Python27\lib\encodings\iso2022_jp_ext.pyc imports=[('_codecs_iso2022', 0, 0, -1), ('codecs', 0, 0, -1), ('_multibytecodec', 0, 0, -1)] binaries=[] datas=[]>
encodings.iso2022_kr: None -> <PyModule 'encodings.iso2022_kr' C:\Python27\lib\encodings\iso2022_kr.pyc imports=[('_codecs_iso2022', 0, 0, -1), ('codecs', 0, 0, -1), ('_multibytecodec', 0, 0, -1)] binaries=[] datas=[]>
encodings.iso8859_1: None -> <PyModule 'encodings.iso8859_1' C:\Python27\lib\encodings\iso8859_1.pyc imports=[('codecs', 0, 0, -1)] binaries=[] datas=[]>
encodings.iso8859_10: None -> <PyModule 'encodings.iso8859_10' C:\Python27\lib\encodings\iso8859_10.pyc imports=[('codecs', 0, 0, -1)] binaries=[] datas=[]>
encodings.iso8859_11: None -> <PyModule 'encodings.iso8859_11' C:\Python27\lib\encodings\iso8859_11.pyc imports=[('codecs', 0, 0, -1)] binaries=[] datas=[]>
encodings.iso8859_13: None -> <PyModule 'encodings.iso8859_13' C:\Python27\lib\encodings\iso8859_13.pyc imports=[('codecs', 0, 0, -1)] binaries=[] datas=[]>
encodings.iso8859_14: None -> <PyModule 'encodings.iso8859_14' C:\Python27\lib\encodings\iso8859_14.pyc imports=[('codecs', 0, 0, -1)] binaries=[] datas=[]>
encodings.iso8859_15: None -> <PyModule 'encodings.iso8859_15' C:\Python27\lib\encodings\iso8859_15.pyc imports=[('codecs', 0, 0, -1)] binaries=[] datas=[]>
encodings.iso8859_16: None -> <PyModule 'encodings.iso8859_16' C:\Python27\lib\encodings\iso8859_16.pyc imports=[('codecs', 0, 0, -1)] binaries=[] datas=[]>
encodings.iso8859_2: None -> <PyModule 'encodings.iso8859_2' C:\Python27\lib\encodings\iso8859_2.pyc imports=[('codecs', 0, 0, -1)] binaries=[] datas=[]>
encodings.iso8859_3: None -> <PyModule 'encodings.iso8859_3' C:\Python27\lib\encodings\iso8859_3.pyc imports=[('codecs', 0, 0, -1)] binaries=[] datas=[]>
encodings.iso8859_4: None -> <PyModule 'encodings.iso8859_4' C:\Python27\lib\encodings\iso8859_4.pyc imports=[('codecs', 0, 0, -1)] binaries=[] datas=[]>
encodings.iso8859_5: None -> <PyModule 'encodings.iso8859_5' C:\Python27\lib\encodings\iso8859_5.pyc imports=[('codecs', 0, 0, -1)] binaries=[] datas=[]>
encodings.iso8859_6: None -> <PyModule 'encodings.iso8859_6' C:\Python27\lib\encodings\iso8859_6.pyc imports=[('codecs', 0, 0, -1)] binaries=[] datas=[]>
encodings.iso8859_7: None -> <PyModule 'encodings.iso8859_7' C:\Python27\lib\encodings\iso8859_7.pyc imports=[('codecs', 0, 0, -1)] binaries=[] datas=[]>
encodings.iso8859_8: None -> <PyModule 'encodings.iso8859_8' C:\Python27\lib\encodings\iso8859_8.pyc imports=[('codecs', 0, 0, -1)] binaries=[] datas=[]>
encodings.iso8859_9: None -> <PyModule 'encodings.iso8859_9' C:\Python27\lib\encodings\iso8859_9.pyc imports=[('codecs', 0, 0, -1)] binaries=[] datas=[]>
encodings.johab: None -> <PyModule 'encodings.johab' C:\Python27\lib\encodings\johab.pyc imports=[('_codecs_kr', 0, 0, -1), ('codecs', 0, 0, -1), ('_multibytecodec', 0, 0, -1)] binaries=[] datas=[]>
encodings.koi8_r: None -> <PyModule 'encodings.koi8_r' C:\Python27\lib\encodings\koi8_r.pyc imports=[('codecs', 0, 0, -1)] binaries=[] datas=[]>
encodings.koi8_u: None -> <PyModule 'encodings.koi8_u' C:\Python27\lib\encodings\koi8_u.pyc imports=[('codecs', 0, 0, -1)] binaries=[] datas=[]>
encodings.latin_1: None -> <PyModule 'encodings.latin_1' C:\Python27\lib\encodings\latin_1.pyc imports=[('codecs', 0, 0, -1)] binaries=[] datas=[]>
encodings.mac_arabic: None -> <PyModule 'encodings.mac_arabic' C:\Python27\lib\encodings\mac_arabic.pyc imports=[('codecs', 0, 0, -1)] binaries=[] datas=[]>
encodings.mac_centeuro: None -> <PyModule 'encodings.mac_centeuro' C:\Python27\lib\encodings\mac_centeuro.pyc imports=[('codecs', 0, 0, -1)] binaries=[] datas=[]>
encodings.mac_croatian: None -> <PyModule 'encodings.mac_croatian' C:\Python27\lib\encodings\mac_croatian.pyc imports=[('codecs', 0, 0, -1)] binaries=[] datas=[]>
encodings.mac_cyrillic: None -> <PyModule 'encodings.mac_cyrillic' C:\Python27\lib\encodings\mac_cyrillic.pyc imports=[('codecs', 0, 0, -1)] binaries=[] datas=[]>
encodings.mac_farsi: None -> <PyModule 'encodings.mac_farsi' C:\Python27\lib\encodings\mac_farsi.pyc imports=[('codecs', 0, 0, -1)] binaries=[] datas=[]>
encodings.mac_greek: None -> <PyModule 'encodings.mac_greek' C:\Python27\lib\encodings\mac_greek.pyc imports=[('codecs', 0, 0, -1)] binaries=[] datas=[]>
encodings.mac_iceland: None -> <PyModule 'encodings.mac_iceland' C:\Python27\lib\encodings\mac_iceland.pyc imports=[('codecs', 0, 0, -1)] binaries=[] datas=[]>
encodings.mac_latin2: None -> <PyModule 'encodings.mac_latin2' C:\Python27\lib\encodings\mac_latin2.pyc imports=[('codecs', 0, 0, -1)] binaries=[] datas=[]>
encodings.mac_roman: None -> <PyModule 'encodings.mac_roman' C:\Python27\lib\encodings\mac_roman.pyc imports=[('codecs', 0, 0, -1)] binaries=[] datas=[]>
encodings.mac_romanian: None -> <PyModule 'encodings.mac_romanian' C:\Python27\lib\encodings\mac_romanian.pyc imports=[('codecs', 0, 0, -1)] binaries=[] datas=[]>
encodings.mac_turkish: None -> <PyModule 'encodings.mac_turkish' C:\Python27\lib\encodings\mac_turkish.pyc imports=[('codecs', 0, 0, -1)] binaries=[] datas=[]>
encodings.mbcs: None -> <PyModule 'encodings.mbcs' C:\Python27\lib\encodings\mbcs.pyc imports=[('codecs', 0, 0, -1), ('codecs.mbcs_encode', 0, 0, -1), ('codecs.mbcs_decode', 0, 0, -1), ('codecs', 0, 0, -1)] binaries=[] datas=[]>
encodings.palmos: None -> <PyModule 'encodings.palmos' C:\Python27\lib\encodings\palmos.pyc imports=[('codecs', 0, 0, -1)] binaries=[] datas=[]>
encodings.ptcp154: None -> <PyModule 'encodings.ptcp154' C:\Python27\lib\encodings\ptcp154.pyc imports=[('codecs', 0, 0, -1)] binaries=[] datas=[]>
encodings.punycode: None -> <PyModule 'encodings.punycode' C:\Python27\lib\encodings\punycode.pyc imports=[('codecs', 0, 0, -1)] binaries=[] datas=[]>
encodings.quopri_codec: None -> <PyModule 'encodings.quopri_codec' C:\Python27\lib\encodings\quopri_codec.pyc imports=[('codecs', 0, 0, -1), ('quopri', 0, 0, -1), ('cStringIO', 0, 0, -1), ('cStringIO.StringIO', 0, 0, -1), ('StringIO', 0, 1, -1), ('StringIO.StringIO', 0, 1, -1)] binaries=[] datas=[]>
encodings.raw_unicode_escape: None -> <PyModule 'encodings.raw_unicode_escape' C:\Python27\lib\encodings\raw_unicode_escape.pyc imports=[('codecs', 0, 0, -1)] binaries=[] datas=[]>
encodings.rot_13: None -> <PyModule 'encodings.rot_13' C:\Python27\lib\encodings\rot_13.pyc imports=[('codecs', 0, 0, -1), ('sys', 0, 1, -1)] binaries=[] datas=[]>
encodings.shift_jis: None -> <PyModule 'encodings.shift_jis' C:\Python27\lib\encodings\shift_jis.pyc imports=[('_codecs_jp', 0, 0, -1), ('codecs', 0, 0, -1), ('_multibytecodec', 0, 0, -1)] binaries=[] datas=[]>
encodings.shift_jisx0213: None -> <PyModule 'encodings.shift_jisx0213' C:\Python27\lib\encodings\shift_jisx0213.pyc imports=[('_codecs_jp', 0, 0, -1), ('codecs', 0, 0, -1), ('_multibytecodec', 0, 0, -1)] binaries=[] datas=[]>
encodings.shift_jis_2004: None -> <PyModule 'encodings.shift_jis_2004' C:\Python27\lib\encodings\shift_jis_2004.pyc imports=[('_codecs_jp', 0, 0, -1), ('codecs', 0, 0, -1), ('_multibytecodec', 0, 0, -1)] binaries=[] datas=[]>
encodings.string_escape: None -> <PyModule 'encodings.string_escape' C:\Python27\lib\encodings\string_escape.pyc imports=[('codecs', 0, 0, -1)] binaries=[] datas=[]>
encodings.tis_620: None -> <PyModule 'encodings.tis_620' C:\Python27\lib\encodings\tis_620.pyc imports=[('codecs', 0, 0, -1)] binaries=[] datas=[]>
encodings.undefined: None -> <PyModule 'encodings.undefined' C:\Python27\lib\encodings\undefined.pyc imports=[('codecs', 0, 0, -1)] binaries=[] datas=[]>
encodings.unicode_escape: None -> <PyModule 'encodings.unicode_escape' C:\Python27\lib\encodings\unicode_escape.pyc imports=[('codecs', 0, 0, -1)] binaries=[] datas=[]>
encodings.unicode_internal: None -> <PyModule 'encodings.unicode_internal' C:\Python27\lib\encodings\unicode_internal.pyc imports=[('codecs', 0, 0, -1)] binaries=[] datas=[]>
encodings.utf_16: None -> <PyModule 'encodings.utf_16' C:\Python27\lib\encodings\utf_16.pyc imports=[('codecs', 0, 0, -1), ('sys', 0, 0, -1)] binaries=[] datas=[]>
encodings.utf_16_be: None -> <PyModule 'encodings.utf_16_be' C:\Python27\lib\encodings\utf_16_be.pyc imports=[('codecs', 0, 0, -1)] binaries=[] datas=[]>
encodings.utf_16_le: None -> <PyModule 'encodings.utf_16_le' C:\Python27\lib\encodings\utf_16_le.pyc imports=[('codecs', 0, 0, -1)] binaries=[] datas=[]>
encodings.utf_32: None -> <PyModule 'encodings.utf_32' C:\Python27\lib\encodings\utf_32.pyc imports=[('codecs', 0, 0, -1), ('sys', 0, 0, -1)] binaries=[] datas=[]>
encodings.utf_32_be: None -> <PyModule 'encodings.utf_32_be' C:\Python27\lib\encodings\utf_32_be.pyc imports=[('codecs', 0, 0, -1)] binaries=[] datas=[]>
encodings.utf_32_le: None -> <PyModule 'encodings.utf_32_le' C:\Python27\lib\encodings\utf_32_le.pyc imports=[('codecs', 0, 0, -1)] binaries=[] datas=[]>
encodings.utf_7: None -> <PyModule 'encodings.utf_7' C:\Python27\lib\encodings\utf_7.pyc imports=[('codecs', 0, 0, -1)] binaries=[] datas=[]>
encodings.utf_8: None -> <PyModule 'encodings.utf_8' C:\Python27\lib\encodings\utf_8.pyc imports=[('codecs', 0, 0, -1)] binaries=[] datas=[]>
encodings.utf_8_sig: None -> <PyModule 'encodings.utf_8_sig' C:\Python27\lib\encodings\utf_8_sig.pyc imports=[('codecs', 0, 0, -1)] binaries=[] datas=[]>
encodings.uu_codec: None -> <PyModule 'encodings.uu_codec' C:\Python27\lib\encodings\uu_codec.pyc imports=[('codecs', 0, 0, -1), ('binascii', 0, 0, -1), ('cStringIO', 1, 0, -1), ('cStringIO.StringIO', 1, 0, -1), ('binascii', 1, 0, -1), ('binascii.b2a_uu', 1, 0, -1), ('cStringIO', 1, 0, -1), ('cStringIO.StringIO', 1, 0, -1), ('binascii', 1, 0, -1), ('binascii.a2b_uu', 1, 0, -1)] binaries=[] datas=[]>
encodings.zlib_codec: None -> <PyModule 'encodings.zlib_codec' C:\Python27\lib\encodings\zlib_codec.pyc imports=[('codecs', 0, 0, -1), ('zlib', 0, 0, -1)] binaries=[] datas=[]>
_codecs: None -> <BuiltinModule '_codecs' None imports=[] binaries=[] datas=[]>
encodings.base64: None -> None
base64: None -> <PyModule 'base64' C:\Python27\lib\base64.pyc imports=[('re', 0, 0, -1), ('struct', 0, 0, -1), ('binascii', 0, 0, -1), ('sys', 1, 0, -1), ('getopt', 1, 0, -1)] binaries=[] datas=[]>
binascii: None -> <BuiltinModule 'binascii' None imports=[] binaries=[] datas=[]>
getopt: None -> <PyModule 'getopt' C:\Python27\lib\getopt.pyc imports=[('os', 0, 0, -1), ('sys', 0, 1, -1)] binaries=[] datas=[]>
encodings._codecs_tw: None -> None
_codecs_tw: None -> <BuiltinModule '_codecs_tw' None imports=[] binaries=[] datas=[]>
encodings._multibytecodec: None -> None
_multibytecodec: None -> <BuiltinModule '_multibytecodec' None imports=[] binaries=[] datas=[]>
encodings._codecs_hk: None -> None
_codecs_hk: None -> <BuiltinModule '_codecs_hk' None imports=[] binaries=[] datas=[]>
encodings.bz2: None -> None
bz2: None -> <ExtensionModule 'bz2' C:\Python27\DLLs\bz2.pyd imports=[] binaries=[] datas=[]>
encodings._codecs_jp: None -> None
_codecs_jp: None -> <BuiltinModule '_codecs_jp' None imports=[] binaries=[] datas=[]>
encodings._codecs_kr: None -> None
_codecs_kr: None -> <BuiltinModule '_codecs_kr' None imports=[] binaries=[] datas=[]>
encodings._codecs_cn: None -> None
_codecs_cn: None -> <BuiltinModule '_codecs_cn' None imports=[] binaries=[] datas=[]>
encodings.binascii: None -> None
encodings.stringprep: None -> None
stringprep: None -> <PyModule 'stringprep' C:\Python27\lib\stringprep.pyc imports=[('unicodedata', 0, 0, -1), ('unicodedata.ucd_3_2_0', 0, 0, -1)] binaries=[] datas=[]>
encodings.re: None -> None
encodings.unicodedata: None -> None
unicodedata: None -> <ExtensionModule 'unicodedata' C:\Python27\DLLs\unicodedata.pyd imports=[] binaries=[] datas=[]>
encodings._codecs_iso2022: None -> None
_codecs_iso2022: None -> <BuiltinModule '_codecs_iso2022' None imports=[] binaries=[] datas=[]>
encodings.quopri: None -> None
quopri: None -> <PyModule 'quopri' C:\Python27\lib\quopri.pyc imports=[('binascii', 0, 0, -1), ('binascii.a2b_qp', 0, 0, -1), ('binascii.b2a_qp', 0, 0, -1), ('cStringIO', 1, 0, -1), ('cStringIO.StringIO', 1, 0, -1), ('cStringIO', 1, 0, -1), ('cStringIO.StringIO', 1, 0, -1), ('sys', 1, 0, -1), ('getopt', 1, 0, -1)] binaries=[] datas=[]>
encodings.cStringIO: None -> None
encodings.StringIO: None -> None
encodings.sys: None -> None
encodings.zlib: None -> None
optparse: None -> <PyModule 'optparse' C:\Python27\lib\optparse.pyc imports=[('sys', 0, 0, -1), ('os', 0, 0, -1), ('types', 0, 0, -1), ('textwrap', 0, 0, -1), ('gettext', 0, 0, -1), ('gettext.gettext', 0, 0, -1), ('__builtin__', 1, 1, -1)] binaries=[] datas=[]>
textwrap: None -> <PyModule 'textwrap' C:\Python27\lib\textwrap.pyc imports=[('string', 0, 0, -1), ('re', 0, 0, -1)] binaries=[] datas=[]>
gettext: None -> <PyModule 'gettext' C:\Python27\lib\gettext.pyc imports=[('locale', 0, 0, -1), ('copy', 0, 0, -1), ('os', 0, 0, -1), ('re', 0, 0, -1), ('struct', 0, 0, -1), ('sys', 0, 0, -1), ('errno', 0, 0, -1), ('errno.ENOENT', 0, 0, -1), ('cStringIO', 1, 0, -1), ('cStringIO.StringIO', 1, 0, -1), ('StringIO', 1, 1, -1), ('StringIO.StringIO', 1, 1, -1), ('token', 1, 0, -1), ('tokenize', 1, 0, -1), ('locale', 1, 0, -1), ('locale.normalize', 1, 0, -1), ('__builtin__', 1, 0, -1)] binaries=[] datas=[]>
unittest.fnmatch: None -> None
fnmatch: None -> <PyModule 'fnmatch' C:\Python27\lib\fnmatch.pyc imports=[('re', 0, 0, -1), ('os', 1, 0, -1), ('os', 1, 0, -1), ('posixpath', 1, 0, -1)] binaries=[] datas=[]>
unittest.getopt: None -> None
unittest.optparse: None -> None
unittest.time: None -> None
unittest.signal: None -> None
unittest.weakref: None -> None
cmd: None -> <PyModule 'cmd' C:\Python27\lib\cmd.pyc imports=[('string', 0, 0, -1), ('sys', 1, 0, -1), ('readline', 1, 1, -1), ('readline', 1, 1, -1), ('readline', 1, 1, -1)] binaries=[] datas=[]>
bdb: None -> <PyModule 'bdb' C:\Python27\lib\bdb.pyc imports=[('fnmatch', 0, 0, -1), ('sys', 0, 0, -1), ('os', 0, 0, -1), ('types', 0, 0, -1), ('linecache', 1, 0, -1), ('linecache', 1, 0, -1), ('linecache', 1, 0, -1), ('repr', 1, 0, -1), ('__main__', 1, 1, -1), ('__main__', 1, 1, -1), ('linecache', 1, 0, -1)] binaries=[] datas=[]>
readline: None -> None
  DEL readline
shlex: None -> <PyModule 'shlex' C:\Python27\lib\shlex.pyc imports=[('os.path', 0, 0, -1), ('sys', 0, 0, -1), ('collections', 0, 0, -1), ('collections.deque', 0, 0, -1), ('cStringIO', 0, 0, -1), ('cStringIO.StringIO', 0, 0, -1), ('StringIO', 0, 1, -1), ('StringIO.StringIO', 0, 1, -1)] binaries=[] datas=[]>
readline: None -> None
  DEL readline
readline: None -> None
  DEL readline
readline: None -> None
  DEL readline
io: None -> <PyModule 'io' C:\Python27\lib\io.pyc imports=[('_io', 0, 0, -1), ('abc', 0, 0, -1), ('_io', 0, 0, -1), ('_io.DEFAULT_BUFFER_SIZE', 0, 0, -1), ('_io.BlockingIOError', 0, 0, -1), ('_io.UnsupportedOperation', 0, 0, -1), ('_io.open', 0, 0, -1), ('_io.FileIO', 0, 0, -1), ('_io.BytesIO', 0, 0, -1), ('_io.StringIO', 0, 0, -1), ('_io.BufferedReader', 0, 0, -1), ('_io.BufferedWriter', 0, 0, -1), ('_io.BufferedRWPair', 0, 0, -1), ('_io.BufferedRandom', 0, 0, -1), ('_io.IncrementalNewlineDecoder', 0, 0, -1), ('_io.TextIOWrapper', 0, 0, -1)] binaries=[] datas=[]>
fcntl: None -> None
  DEL fcntl
_io: None -> <BuiltinModule '_io' None imports=[] binaries=[] datas=[]>
math: None -> <BuiltinModule 'math' None imports=[] binaries=[] datas=[]>
hashlib: None -> <PyModule 'hashlib' C:\Python27\lib\hashlib.pyc imports=[('_hashlib', 0, 0, -1), ('logging', 0, 1, -1), ('_sha', 1, 1, -1), ('_md5', 1, 1, -1), ('_sha256', 1, 1, -1), ('_sha512', 1, 1, -1)] binaries=[] datas=[]>
_random: None -> <BuiltinModule '_random' None imports=[] binaries=[] datas=[]>
_hashlib: None -> <ExtensionModule '_hashlib' C:\Python27\DLLs\_hashlib.pyd imports=[] binaries=[] datas=[]>
logging: None -> <PkgModule 'logging' C:\Python27\lib\logging\__init__.pyc imports=[('sys', 0, 0, -1), ('os', 0, 0, -1), ('time', 0, 0, -1), ('cStringIO', 0, 0, -1), ('traceback', 0, 0, -1), ('warnings', 0, 0, -1), ('weakref', 0, 0, -1), ('codecs', 0, 0, -1), ('thread', 0, 0, -1), ('threading', 0, 0, -1), ('atexit', 0, 0, -1)] binaries=[] datas=[]>
_sha: None -> <BuiltinModule '_sha' None imports=[] binaries=[] datas=[]>
_md5: None -> <BuiltinModule '_md5' None imports=[] binaries=[] datas=[]>
_sha256: None -> <BuiltinModule '_sha256' None imports=[] binaries=[] datas=[]>
_sha512: None -> <BuiltinModule '_sha512' None imports=[] binaries=[] datas=[]>
logging.sys: None -> None
logging.os: None -> None
logging.time: None -> None
logging.cStringIO: None -> None
logging.traceback: None -> None
logging.warnings: None -> None
logging.weakref: None -> None
logging.codecs: None -> None
logging.thread: None -> None
logging.threading: None -> None
logging.atexit: None -> None
atexit: None -> <PyModule 'atexit' C:\Python27\lib\atexit.pyc imports=[('sys', 0, 0, -1), ('traceback', 1, 1, -1)] binaries=[] datas=[]>
org: None -> None
  DEL org
org: None -> None
  DEL org
__main__: <PyScript '__main__' C:\Users\Alex\Dropbox\Github\Private\PLT-SLAMM\pyinstaller-2.0 for windows\support\_pyi_bootstrap.py imports=[('archive', 0, 0, -1), ('iu', 0, 0, -1), ('sys', 0, 0, -1), ('os', 0, 0, -1), ('site', 0, 0, -1)] binaries=[] datas=[]> -> <PyScript '__main__' C:\Users\Alex\Dropbox\Github\Private\PLT-SLAMM\pyinstaller-2.0 for windows\PyInstaller\loader\archive.py imports=[('marshal', 0, 0, -1), ('struct', 0, 0, -1), ('imp', 0, 0, -1), ('sys', 0, 0, -1), ('iu', 0, 0, -1), ('imp', 1, 0, -1), ('os', 1, 1, -1), ('zlib', 1, 1, -1), ('AES', 1, 1, -1), ('os', 1, 1, -1), ('os', 1, 1, -1)] binaries=[] datas=[]>
AES: None -> None
  DEL AES
posix: None -> None
  DEL posix
posix: None -> None
  DEL posix
posix: None -> None
  DEL posix
posix: None -> None
  DEL posix
posix: None -> None
  DEL posix
posix: None -> None
  DEL posix
posix: None -> None
  DEL posix
posix: None -> None
  DEL posix
posix: None -> None
  DEL posix
posix: None -> None
  DEL posix
_emx_link: None -> None
  DEL _emx_link
_emx_link: None -> None
  DEL _emx_link
pwd: None -> None
  DEL pwd
pwd: None -> None
  DEL pwd
org: None -> None
  DEL org
org: None -> None
  DEL org
fcntl: None -> None
  DEL fcntl
readline: None -> None
  DEL readline
readline: None -> None
  DEL readline
readline: None -> None
  DEL readline
readline: None -> None
  DEL readline
fcntl: None -> None
  DEL fcntl
org: None -> None
  DEL org
org: None -> None
  DEL org
__main__: <PyScript '__main__' C:\Users\Alex\Dropbox\Github\Private\PLT-SLAMM\pyinstaller-2.0 for windows\PyInstaller\loader\archive.py imports=[('marshal', 0, 0, -1), ('struct', 0, 0, -1), ('imp', 0, 0, -1), ('sys', 0, 0, -1), ('iu', 0, 0, -1), ('imp', 1, 0, -1), ('os', 1, 1, -1), ('zlib', 1, 1, -1), ('AES', 1, 1, -1), ('os', 1, 1, -1), ('os', 1, 1, -1)] binaries=[] datas=[]> -> <PyScript '__main__' C:\Users\Alex\Dropbox\Github\Private\PLT-SLAMM\pyinstaller-2.0 for windows\PyInstaller\loader\carchive.py imports=[('archive', 0, 0, -1), ('struct', 0, 0, -1), ('sys', 0, 0, -1), ('zlib', 0, 0, -1), ('AES', 1, 1, -1), ('AES', 1, 1, -1), ('Crypt', 1, 1, -1)] binaries=[] datas=[]>
AES: None -> None
  DEL AES
AES: None -> None
  DEL AES
Crypt: None -> None
  DEL Crypt
AES: None -> None
  DEL AES
posix: None -> None
  DEL posix
posix: None -> None
  DEL posix
posix: None -> None
  DEL posix
posix: None -> None
  DEL posix
posix: None -> None
  DEL posix
posix: None -> None
  DEL posix
posix: None -> None
  DEL posix
posix: None -> None
  DEL posix
posix: None -> None
  DEL posix
posix: None -> None
  DEL posix
_emx_link: None -> None
  DEL _emx_link
_emx_link: None -> None
  DEL _emx_link
pwd: None -> None
  DEL pwd
pwd: None -> None
  DEL pwd
org: None -> None
  DEL org
org: None -> None
  DEL org
fcntl: None -> None
  DEL fcntl
readline: None -> None
  DEL readline
readline: None -> None
  DEL readline
readline: None -> None
  DEL readline
readline: None -> None
  DEL readline
fcntl: None -> None
  DEL fcntl
org: None -> None
  DEL org
org: None -> None
  DEL org
__main__: <PyScript '__main__' C:\Users\Alex\Dropbox\Github\Private\PLT-SLAMM\pyinstaller-2.0 for windows\PyInstaller\loader\carchive.py imports=[('archive', 0, 0, -1), ('struct', 0, 0, -1), ('sys', 0, 0, -1), ('zlib', 0, 0, -1), ('AES', 1, 1, -1), ('AES', 1, 1, -1), ('Crypt', 1, 1, -1)] binaries=[] datas=[]> -> <PyScript '__main__' C:\Users\Alex\Dropbox\Github\Private\PLT-SLAMM\pyinstaller-2.0 for windows\PyInstaller\loader\iu.py imports=[('sys', 0, 0, -1), ('imp', 0, 0, -1), ('marshal', 0, 0, -1), ('zipimport', 0, 0, -1), ('__builtin__', 1, 0, -1), ('posix', 1, 1, -1), ('posix.stat', 1, 1, -1), ('posix.getcwd', 1, 1, -1), ('posix.environ', 1, 1, -1), ('posix.listdir', 1, 1, -1), ('nt', 1, 1, -1), ('nt.stat', 1, 1, -1), ('nt.getcwd', 1, 1, -1), ('nt.environ', 1, 1, -1), ('nt.listdir', 1, 1, -1)] binaries=[] datas=[]>
posix: None -> None
  DEL posix
posix: None -> None
  DEL posix
posix: None -> None
  DEL posix
posix: None -> None
  DEL posix
posix: None -> None
  DEL posix
__main__: <PyScript '__main__' C:\Users\Alex\Dropbox\Github\Private\PLT-SLAMM\pyinstaller-2.0 for windows\PyInstaller\loader\iu.py imports=[('sys', 0, 0, -1), ('imp', 0, 0, -1), ('marshal', 0, 0, -1), ('zipimport', 0, 0, -1), ('__builtin__', 1, 0, -1), ('posix', 1, 1, -1), ('posix.stat', 1, 1, -1), ('posix.getcwd', 1, 1, -1), ('posix.environ', 1, 1, -1), ('posix.listdir', 1, 1, -1), ('nt', 1, 1, -1), ('nt.stat', 1, 1, -1), ('nt.getcwd', 1, 1, -1), ('nt.environ', 1, 1, -1), ('nt.listdir', 1, 1, -1)] binaries=[] datas=[]> -> <PyScript '__main__' swim.py imports=[('sys', 0, 0, -1), ('os', 0, 0, -1), ('re', 0, 0, -1), ('types', 0, 0, -1), ('swim_lex', 0, 0, -1), ('swim_lex.*', 0, 0, -1), ('swim_parse', 0, 0, -1), ('swim_parse.*', 0, 0, -1), ('ply.yacc', 0, 0, -1)] binaries=[] datas=[]>
swim_lex: None -> <PyModule 'swim_lex' C:\Users\Alex\Dropbox\Github\Private\PLT-SLAMM\pyinstaller-2.0 for windows\swim_lex.pyc imports=[('ply.lex', 0, 0, -1)] binaries=[] datas=[]>
swim_parse: None -> <PyModule 'swim_parse' C:\Users\Alex\Dropbox\Github\Private\PLT-SLAMM\pyinstaller-2.0 for windows\swim_parse.pyc imports=[('core', 0, 0, -1), ('core.*', 0, 0, -1), ('namespace', 0, 0, -1), ('namespace.Namespace', 0, 0, -1), ('types', 0, 0, -1), ('types.*', 0, 0, -1), ('pyquery', 0, 0, -1), ('pyquery.PyQuery', 0, 0, -1), ('urllib', 0, 0, -1), ('getpass', 0, 0, -1), ('re', 0, 0, -1), ('fpdf', 0, 0, -1), ('fpdf.fpdf', 0, 0, -1), ('swim_exception', 0, 0, -1), ('swim_exception.*', 0, 0, -1)] binaries=[] datas=[]>
ply: None -> <PkgInZipModule 'ply' build\bdist.win-amd64\egg\ply\__init__.pyc imports=[] binaries=[] datas=[]>
ply.yacc: None -> <PyInZipModule 'ply.yacc' build\bdist.win-amd64\egg\ply\yacc.pyc imports=[('re', 0, 0, -1), ('types', 0, 0, -1), ('sys', 0, 0, -1), ('os.path', 0, 0, -1), ('re', 0, 0, -1), ('lex', 1, 1, -1), ('ply.lex', 1, 1, -1), ('cPickle', 1, 0, -1), ('pickle', 1, 1, -1), ('cPickle', 1, 0, -1), ('pickle', 1, 1, -1), ('hashlib', 1, 0, -1), ('hashlib.md5', 1, 0, -1), ('md5', 1, 1, -1), ('md5.md5', 1, 1, -1)] binaries=[] datas=[]>
posix: None -> None
  DEL posix
posix: None -> None
  DEL posix
posix: None -> None
  DEL posix
posix: None -> None
  DEL posix
posix: None -> None
  DEL posix
_emx_link: None -> None
  DEL _emx_link
_emx_link: None -> None
  DEL _emx_link
pwd: None -> None
  DEL pwd
pwd: None -> None
  DEL pwd
org: None -> None
  DEL org
org: None -> None
  DEL org
fcntl: None -> None
  DEL fcntl
readline: None -> None
  DEL readline
readline: None -> None
  DEL readline
readline: None -> None
  DEL readline
readline: None -> None
  DEL readline
fcntl: None -> None
  DEL fcntl
org: None -> None
  DEL org
org: None -> None
  DEL org
ply.lex: None -> <PyInZipModule 'ply.lex' build\bdist.win-amd64\egg\ply\lex.pyc imports=[('re', 0, 0, -1), ('sys', 0, 0, -1), ('types', 0, 0, -1), ('copy', 0, 0, -1), ('os', 0, 0, -1), ('os.path', 1, 0, -1)] binaries=[] datas=[]>
ply.re: None -> None
ply.sys: None -> None
ply.types: None -> None
ply.copy: None -> None
ply.os: None -> None
core: None -> <PyModule 'core' C:\Users\Alex\Dropbox\Github\Private\PLT-SLAMM\pyinstaller-2.0 for windows\core.pyc imports=[('types', 0, 0, -1), ('types', 0, 0, -1), ('types.MethodType', 0, 0, -1), ('AST', 0, 0, -1), ('AST.Node', 0, 0, -1)] binaries=[] datas=[]>
namespace: None -> <PyModule 'namespace' C:\Users\Alex\Dropbox\Github\Private\PLT-SLAMM\pyinstaller-2.0 for windows\namespace.pyc imports=[] binaries=[] datas=[]>
pyquery: None -> None
  DEL pyquery
pyquery: None -> None
  DEL pyquery
urllib: None -> <PyModule 'urllib' C:\Python27\lib\urllib.pyc imports=[('string', 0, 0, -1), ('socket', 0, 0, -1), ('os', 0, 0, -1), ('time', 0, 0, -1), ('sys', 0, 0, -1), ('base64', 0, 0, -1), ('re', 0, 0, -1), ('urlparse', 0, 0, -1), ('urlparse.urljoin', 0, 0, -1), ('nturl2path', 0, 1, -1), ('nturl2path.url2pathname', 0, 1, -1), ('nturl2path.pathname2url', 0, 1, -1), ('rourl2path', 0, 1, -1), ('rourl2path.url2pathname', 0, 1, -1), ('rourl2path.pathname2url', 0, 1, -1), ('ssl', 0, 0, -1), ('_scproxy', 0, 1, -1), ('_scproxy._get_proxy_settings', 0, 1, -1), ('_scproxy._get_proxies', 0, 1, -1), ('warnings', 1, 0, -1), ('warnings.warnpy3k', 1, 0, -1), ('tempfile', 1, 1, -1), ('httplib', 1, 0, -1), ('httplib', 1, 0, -1), ('mimetypes', 1, 0, -1), ('mimetools', 1, 0, -1), ('email.utils', 1, 0, -1), ('cStringIO', 1, 0, -1), ('cStringIO.StringIO', 1, 0, -1), ('StringIO', 1, 1, -1), ('StringIO.StringIO', 1, 1, -1), ('mimetypes', 1, 0, -1), ('mimetools', 1, 0, -1), ('cStringIO', 1, 0, -1), ('cStringIO.StringIO', 1, 0, -1), ('StringIO', 1, 1, -1), ('StringIO.StringIO', 1, 1, -1), ('ftplib', 1, 1, -1), ('mimetools', 1, 0, -1), ('cStringIO', 1, 0, -1), ('cStringIO.StringIO', 1, 0, -1), ('StringIO', 1, 1, -1), ('StringIO.StringIO', 1, 1, -1), ('re', 1, 0, -1), ('re', 1, 0, -1), ('getpass', 1, 0, -1), ('ftplib', 1, 1, -1), ('mimetools', 1, 1, -1), ('cStringIO', 1, 1, -1), ('cStringIO.StringIO', 1, 1, -1), ('StringIO', 1, 1, -1), ('StringIO.StringIO', 1, 1, -1), ('ftplib', 1, 0, -1), ('ftplib', 1, 0, -1), ('re', 1, 1, -1), ('re', 1, 1, -1), ('re', 1, 1, -1), ('re', 1, 1, -1), ('re', 1, 1, -1), ('re', 1, 1, -1), ('re', 1, 1, -1), ('re', 1, 1, -1), ('re', 1, 1, -1), ('re', 1, 0, -1), ('socket', 1, 0, -1), ('fnmatch', 1, 0, -1), ('fnmatch.fnmatch', 1, 0, -1), ('_winreg', 1, 0, -1), ('re', 1, 1, -1), ('_winreg', 1, 0, -1), ('re', 1, 0, -1)] binaries=[] datas=[]>
getpass: None -> <PyModule 'getpass' C:\Python27\lib\getpass.pyc imports=[('os', 0, 0, -1), ('sys', 0, 0, -1), ('warnings', 0, 0, -1), ('termios', 0, 0, -1), ('msvcrt', 0, 1, -1), ('EasyDialogs', 0, 1, -1), ('EasyDialogs.AskPassword', 0, 1, -1), ('msvcrt', 1, 0, -1), ('os', 1, 0, -1), ('pwd', 1, 0, -1)] binaries=[] datas=[]>
fpdf: None -> None
  DEL fpdf
fpdf: None -> None
  DEL fpdf
swim_exception: None -> <PyModule 'swim_exception' C:\Users\Alex\Dropbox\Github\Private\PLT-SLAMM\pyinstaller-2.0 for windows\swim_exception.pyc imports=[] binaries=[] datas=[]>
AST: None -> <PyModule 'AST' C:\Users\Alex\Dropbox\Github\Private\PLT-SLAMM\pyinstaller-2.0 for windows\AST.pyc imports=[('types', 0, 0, -1)] binaries=[] datas=[]>
socket: None -> <PyModule 'socket' C:\Python27\lib\socket.pyc imports=[('_socket', 0, 0, -1), ('_socket', 0, 0, -1), ('_socket.*', 0, 0, -1), ('functools', 0, 0, -1), ('functools.partial', 0, 0, -1), ('types', 0, 0, -1), ('types.MethodType', 0, 0, -1), ('_ssl', 0, 0, -1), ('_ssl', 0, 1, -1), ('_ssl.SSLError', 0, 1, -1), ('_ssl', 0, 1, -1), ('_ssl.RAND_add', 0, 1, -1), ('_ssl.RAND_egd', 0, 1, -1), ('_ssl.RAND_status', 0, 1, -1), ('_ssl.SSL_ERROR_ZERO_RETURN', 0, 1, -1), ('_ssl.SSL_ERROR_WANT_READ', 0, 1, -1), ('_ssl.SSL_ERROR_WANT_WRITE', 0, 1, -1), ('_ssl.SSL_ERROR_WANT_X509_LOOKUP', 0, 1, -1), ('_ssl.SSL_ERROR_SYSCALL', 0, 1, -1), ('_ssl.SSL_ERROR_SSL', 0, 1, -1), ('_ssl.SSL_ERROR_WANT_CONNECT', 0, 1, -1), ('_ssl.SSL_ERROR_EOF', 0, 1, -1), ('_ssl.SSL_ERROR_INVALID_ERROR_CODE', 0, 1, -1), ('os', 0, 0, -1), ('sys', 0, 0, -1), ('warnings', 0, 0, -1), ('cStringIO', 0, 0, -1), ('cStringIO.StringIO', 0, 0, -1), ('StringIO', 0, 1, -1), ('StringIO.StringIO', 0, 1, -1), ('errno', 0, 0, -1), ('ssl', 1, 0, -1)] binaries=[] datas=[]>
urlparse: None -> <PyModule 'urlparse' C:\Python27\lib\urlparse.pyc imports=[('re', 0, 0, -1), ('collections', 0, 0, -1), ('collections.namedtuple', 0, 0, -1)] binaries=[] datas=[]>
nturl2path: None -> <PyModule 'nturl2path' C:\Python27\lib\nturl2path.pyc imports=[('string', 1, 0, -1), ('urllib', 1, 0, -1), ('urllib', 1, 0, -1)] binaries=[] datas=[]>
rourl2path: None -> None
  DEL rourl2path
rourl2path: None -> None
  DEL rourl2path
rourl2path: None -> None
  DEL rourl2path
ssl: None -> <PyModule 'ssl' C:\Python27\lib\ssl.pyc imports=[('textwrap', 0, 0, -1), ('_ssl', 0, 0, -1), ('_ssl', 0, 0, -1), ('_ssl.OPENSSL_VERSION_NUMBER', 0, 0, -1), ('_ssl.OPENSSL_VERSION_INFO', 0, 0, -1), ('_ssl.OPENSSL_VERSION', 0, 0, -1), ('_ssl', 0, 0, -1), ('_ssl.SSLError', 0, 0, -1), ('_ssl', 0, 0, -1), ('_ssl.CERT_NONE', 0, 0, -1), ('_ssl.CERT_OPTIONAL', 0, 0, -1), ('_ssl.CERT_REQUIRED', 0, 0, -1), ('_ssl', 0, 0, -1), ('_ssl.RAND_status', 0, 0, -1), ('_ssl.RAND_egd', 0, 0, -1), ('_ssl.RAND_add', 0, 0, -1), ('_ssl', 0, 0, -1), ('_ssl.SSL_ERROR_ZERO_RETURN', 0, 0, -1), ('_ssl.SSL_ERROR_WANT_READ', 0, 0, -1), ('_ssl.SSL_ERROR_WANT_WRITE', 0, 0, -1), ('_ssl.SSL_ERROR_WANT_X509_LOOKUP', 0, 0, -1), ('_ssl.SSL_ERROR_SYSCALL', 0, 0, -1), ('_ssl.SSL_ERROR_SSL', 0, 0, -1), ('_ssl.SSL_ERROR_WANT_CONNECT', 0, 0, -1), ('_ssl.SSL_ERROR_EOF', 0, 0, -1), ('_ssl.SSL_ERROR_INVALID_ERROR_CODE', 0, 0, -1), ('_ssl', 0, 0, -1), ('_ssl.PROTOCOL_SSLv3', 0, 0, -1), ('_ssl.PROTOCOL_SSLv23', 0, 0, -1), ('_ssl.PROTOCOL_TLSv1', 0, 0, -1), ('_ssl', 0, 0, -1), ('_ssl.PROTOCOL_SSLv2', 0, 0, -1), ('socket', 0, 0, -1), ('socket.socket', 0, 0, -1), ('socket._fileobject', 0, 0, -1), ('socket._delegate_methods', 0, 0, -1), ('socket.error', 0, 0, -1), ('socket', 0, 0, -1), ('socket.getnameinfo', 0, 0, -1), ('base64', 0, 0, -1), ('errno', 0, 0, -1), ('time', 1, 0, -1)] binaries=[] datas=[]>
_scproxy: None -> None
  DEL _scproxy
_scproxy: None -> None
  DEL _scproxy
_scproxy: None -> None
  DEL _scproxy
httplib: None -> <PyModule 'httplib' C:\Python27\lib\httplib.pyc imports=[('array', 0, 0, -1), ('array.array', 0, 0, -1), ('os', 0, 0, -1), ('socket', 0, 0, -1), ('sys', 0, 0, -1), ('sys.py3kwarning', 0, 0, -1), ('urlparse', 0, 0, -1), ('urlparse.urlsplit', 0, 0, -1), ('warnings', 0, 0, -1), ('mimetools', 0, 0, -1), ('cStringIO', 0, 0, -1), ('cStringIO.StringIO', 0, 0, -1), ('StringIO', 0, 1, -1), ('StringIO.StringIO', 0, 1, -1), ('ssl', 0, 0, -1)] binaries=[] datas=[]>
mimetypes: None -> <PyModule 'mimetypes' C:\Python27\lib\mimetypes.pyc imports=[('os', 0, 0, -1), ('sys', 0, 0, -1), ('posixpath', 0, 0, -1), ('urllib', 0, 0, -1), ('_winreg', 0, 0, -1), ('getopt', 0, 1, -1)] binaries=[] datas=[]>
mimetools: None -> <PyModule 'mimetools' C:\Python27\lib\mimetools.pyc imports=[('os', 0, 0, -1), ('sys', 0, 0, -1), ('tempfile', 0, 0, -1), ('warnings', 0, 0, -1), ('warnings.filterwarnings', 0, 0, -1), ('warnings.catch_warnings', 0, 0, -1), ('rfc822', 0, 0, -1), ('warnings', 0, 0, -1), ('warnings.warnpy3k', 0, 0, -1), ('thread', 0, 0, -1), ('dummy_thread', 0, 1, -1), ('time', 1, 0, -1), ('socket', 1, 1, -1), ('base64', 1, 1, -1), ('quopri', 1, 1, -1), ('uu', 1, 1, -1), ('base64', 1, 1, -1), ('quopri', 1, 1, -1), ('uu', 1, 1, -1)] binaries=[] datas=[]>
email: None -> <PkgModule 'email' C:\Python27\lib\email\__init__.pyc imports=[('sys', 0, 0, -1), ('email.mime', 0, 0, -1), ('email.parser', 1, 0, -1), ('email.parser.Parser', 1, 0, -1), ('email.parser', 1, 0, -1), ('email.parser.Parser', 1, 0, -1), ('email.charset', 0, 0, -1), ('email.encoders', 0, 0, -1), ('email.errors', 0, 0, -1), ('email.feedparser', 0, 0, -1), ('email.generator', 0, 0, -1), ('email.header', 0, 0, -1), ('email.iterators', 0, 0, -1), ('email.message', 0, 0, -1), ('email.parser', 0, 0, -1), ('email.utils', 0, 0, -1), ('email.base64mime', 0, 0, -1), ('email.quoprimime', 0, 0, -1), ('email.mime.audio', 0, 0, -1), ('email.mime.base', 0, 0, -1), ('email.mime.image', 0, 0, -1), ('email.mime.message', 0, 0, -1), ('email.mime.multipart', 0, 0, -1), ('email.mime.nonmultipart', 0, 0, -1), ('email.mime.text', 0, 0, -1)] binaries=[] datas=[]>
email.utils: None -> <PyModule 'email.utils' C:\Python27\lib\email\utils.pyc imports=[('os', 0, 0, -1), ('re', 0, 0, -1), ('time', 0, 0, -1), ('base64', 0, 0, -1), ('random', 0, 0, -1), ('socket', 0, 0, -1), ('urllib', 0, 0, -1), ('warnings', 0, 0, -1), ('email._parseaddr', 0, 0, -1), ('email._parseaddr.quote', 0, 0, -1), ('email._parseaddr', 0, 0, -1), ('email._parseaddr.AddressList', 0, 0, -1), ('email._parseaddr', 0, 0, -1), ('email._parseaddr.mktime_tz', 0, 0, -1), ('email._parseaddr', 0, 0, -1), ('email._parseaddr.parsedate', 0, 0, -1), ('email._parseaddr', 0, 0, -1), ('email._parseaddr.parsedate_tz', 0, 0, -1), ('quopri', 0, 0, -1), ('quopri.decodestring', 0, 0, -1), ('email.encoders', 0, 0, -1), ('email.encoders._bencode', 0, 0, -1), ('email.encoders._qencode', 0, 0, -1), ('urllib', 1, 0, -1)] binaries=[] datas=[]>
ftplib: None -> <PyModule 'ftplib' C:\Python27\lib\ftplib.pyc imports=[('os', 0, 0, -1), ('sys', 0, 0, -1), ('SOCKS', 0, 0, -1), ('socket', 0, 0, -1), ('socket.getfqdn', 0, 0, -1), ('socket', 0, 1, -1), ('socket', 0, 0, -1), ('socket._GLOBAL_DEFAULT_TIMEOUT', 0, 0, -1), ('ssl', 0, 0, -1), ('re', 1, 1, -1), ('re', 1, 1, -1)] binaries=[] datas=[]>
_winreg: None -> <BuiltinModule '_winreg' None imports=[] binaries=[] datas=[]>
_socket: None -> <ExtensionModule '_socket' C:\Python27\DLLs\_socket.pyd imports=[] binaries=[] datas=[]>
_ssl: None -> <ExtensionModule '_ssl' C:\Python27\DLLs\_ssl.pyd imports=[] binaries=[] datas=[]>
rfc822: None -> <PyModule 'rfc822' C:\Python27\lib\rfc822.pyc imports=[('time', 0, 0, -1), ('warnings', 0, 0, -1), ('warnings.warnpy3k', 0, 0, -1), ('sys', 0, 1, -1), ('os', 0, 1, -1)] binaries=[] datas=[]>
uu: None -> <PyModule 'uu' C:\Python27\lib\uu.pyc imports=[('binascii', 0, 0, -1), ('os', 0, 0, -1), ('sys', 0, 0, -1), ('optparse', 1, 0, -1)] binaries=[] datas=[]>
email.sys: None -> None
email.email: None -> None
email.mime: None -> <PkgModule 'email.mime' C:\Python27\lib\email\mime\__init__.pyc imports=[] binaries=[] datas=[]>
email.parser: None -> <PyModule 'email.parser' C:\Python27\lib\email\parser.pyc imports=[('warnings', 0, 0, -1), ('cStringIO', 0, 0, -1), ('cStringIO.StringIO', 0, 0, -1), ('email.feedparser', 0, 0, -1), ('email.feedparser.FeedParser', 0, 0, -1), ('email.message', 0, 0, -1), ('email.message.Message', 0, 0, -1)] binaries=[] datas=[]>
email.charset: None -> <PyModule 'email.charset' C:\Python27\lib\email\charset.pyc imports=[('codecs', 0, 0, -1), ('email.base64mime', 0, 0, -1), ('email.quoprimime', 0, 0, -1), ('email', 0, 0, -1), ('email.errors', 0, 0, -1), ('email.encoders', 0, 0, -1), ('email.encoders.encode_7or8bit', 0, 0, -1)] binaries=[] datas=[]>
email.encoders: None -> <PyModule 'email.encoders' C:\Python27\lib\email\encoders.pyc imports=[('base64', 0, 0, -1), ('quopri', 0, 0, -1), ('quopri.encodestring', 0, 0, -1)] binaries=[] datas=[]>
email.errors: None -> <PyModule 'email.errors' C:\Python27\lib\email\errors.pyc imports=[] binaries=[] datas=[]>
email.feedparser: None -> <PyModule 'email.feedparser' C:\Python27\lib\email\feedparser.pyc imports=[('re', 0, 0, -1), ('email', 0, 0, -1), ('email.errors', 0, 0, -1), ('email', 0, 0, -1), ('email.message', 0, 0, -1)] binaries=[] datas=[]>
email.generator: None -> <PyModule 'email.generator' C:\Python27\lib\email\generator.pyc imports=[('re', 0, 0, -1), ('sys', 0, 0, -1), ('time', 0, 0, -1), ('random', 0, 0, -1), ('warnings', 0, 0, -1), ('cStringIO', 0, 0, -1), ('cStringIO.StringIO', 0, 0, -1), ('email.header', 0, 0, -1), ('email.header.Header', 0, 0, -1)] binaries=[] datas=[]>
email.header: None -> <PyModule 'email.header' C:\Python27\lib\email\header.pyc imports=[('re', 0, 0, -1), ('binascii', 0, 0, -1), ('email.quoprimime', 0, 0, -1), ('email.base64mime', 0, 0, -1), ('email.errors', 0, 0, -1), ('email.errors.HeaderParseError', 0, 0, -1), ('email.charset', 0, 0, -1), ('email.charset.Charset', 0, 0, -1)] binaries=[] datas=[]>
email.iterators: None -> <PyModule 'email.iterators' C:\Python27\lib\email\iterators.pyc imports=[('sys', 0, 0, -1), ('cStringIO', 0, 0, -1), ('cStringIO.StringIO', 0, 0, -1)] binaries=[] datas=[]>
email.message: None -> <PyModule 'email.message' C:\Python27\lib\email\message.pyc imports=[('re', 0, 0, -1), ('uu', 0, 0, -1), ('binascii', 0, 0, -1), ('warnings', 0, 0, -1), ('cStringIO', 0, 0, -1), ('cStringIO.StringIO', 0, 0, -1), ('email.charset', 0, 0, -1), ('email', 0, 0, -1), ('email.utils', 0, 0, -1), ('email', 0, 0, -1), ('email.errors', 0, 0, -1), ('email.iterators', 1, 0, -1), ('email.iterators.walk', 1, 0, -1), ('email.generator', 1, 0, -1), ('email.generator.Generator', 1, 0, -1), ('email.iterators', 0, 0, -1), ('email.generator', 0, 0, -1)] binaries=[] datas=[]>
email.base64mime: None -> <PyModule 'email.base64mime' C:\Python27\lib\email\base64mime.pyc imports=[('binascii', 0, 0, -1), ('binascii.b2a_base64', 0, 0, -1), ('binascii.a2b_base64', 0, 0, -1), ('email.utils', 0, 0, -1), ('email.utils.fix_eols', 0, 0, -1)] binaries=[] datas=[]>
email.quoprimime: None -> <PyModule 'email.quoprimime' C:\Python27\lib\email\quoprimime.pyc imports=[('re', 0, 0, -1), ('string', 0, 0, -1), ('string.hexdigits', 0, 0, -1), ('email.utils', 0, 0, -1), ('email.utils.fix_eols', 0, 0, -1)] binaries=[] datas=[]>
email.mime.audio: None -> <PyModule 'email.mime.audio' C:\Python27\lib\email\mime\audio.pyc imports=[('sndhdr', 0, 0, -1), ('cStringIO', 0, 0, -1), ('cStringIO.StringIO', 0, 0, -1), ('email', 0, 0, -1), ('email.encoders', 0, 0, -1), ('email.mime.nonmultipart', 0, 0, -1), ('email.mime.nonmultipart.MIMENonMultipart', 0, 0, -1)] binaries=[] datas=[]>
email.mime.base: None -> <PyModule 'email.mime.base' C:\Python27\lib\email\mime\base.pyc imports=[('email', 0, 0, -1), ('email.message', 0, 0, -1)] binaries=[] datas=[]>
email.mime.image: None -> <PyModule 'email.mime.image' C:\Python27\lib\email\mime\image.pyc imports=[('imghdr', 0, 0, -1), ('email', 0, 0, -1), ('email.encoders', 0, 0, -1), ('email.mime.nonmultipart', 0, 0, -1), ('email.mime.nonmultipart.MIMENonMultipart', 0, 0, -1)] binaries=[] datas=[]>
email.mime.message: None -> <PyModule 'email.mime.message' C:\Python27\lib\email\mime\message.pyc imports=[('email', 0, 0, -1), ('email.message', 0, 0, -1), ('email.mime.nonmultipart', 0, 0, -1), ('email.mime.nonmultipart.MIMENonMultipart', 0, 0, -1)] binaries=[] datas=[]>
email.mime.multipart: None -> <PyModule 'email.mime.multipart' C:\Python27\lib\email\mime\multipart.pyc imports=[('email.mime.base', 0, 0, -1), ('email.mime.base.MIMEBase', 0, 0, -1)] binaries=[] datas=[]>
email.mime.nonmultipart: None -> <PyModule 'email.mime.nonmultipart' C:\Python27\lib\email\mime\nonmultipart.pyc imports=[('email', 0, 0, -1), ('email.errors', 0, 0, -1), ('email.mime.base', 0, 0, -1), ('email.mime.base.MIMEBase', 0, 0, -1)] binaries=[] datas=[]>
email.mime.text: None -> <PyModule 'email.mime.text' C:\Python27\lib\email\mime\text.pyc imports=[('email.encoders', 0, 0, -1), ('email.encoders.encode_7or8bit', 0, 0, -1), ('email.mime.nonmultipart', 0, 0, -1), ('email.mime.nonmultipart.MIMENonMultipart', 0, 0, -1)] binaries=[] datas=[]>
email.warnings: None -> None
email.cStringIO: None -> None
email.re: None -> None
email.uu: None -> None
email.binascii: None -> None
email.codecs: None -> None
email.os: None -> None
email.time: None -> None
email.base64: None -> None
email.random: None -> None
email.socket: None -> None
email.urllib: None -> None
email._parseaddr: None -> <PyModule 'email._parseaddr' C:\Python27\lib\email\_parseaddr.pyc imports=[('time', 0, 0, -1), ('calendar', 0, 0, -1)] binaries=[] datas=[]>
email.quopri: None -> None
email.calendar: None -> None
email.string: None -> None
email.mime.sndhdr: None -> None
sndhdr: None -> <PyModule 'sndhdr' C:\Python27\lib\sndhdr.pyc imports=[('aifc', 1, 0, -1), ('sys', 1, 0, -1), ('sys', 1, 0, -1), ('os', 1, 0, -1), ('glob', 1, 1, -1)] binaries=[] datas=[]>
email.mime.cStringIO: None -> None
email.mime.email: None -> None
aifc: None -> <PyModule 'aifc' C:\Python27\lib\aifc.pyc imports=[('struct', 0, 0, -1), ('__builtin__', 0, 0, -1), ('chunk', 0, 0, -1), ('chunk.Chunk', 0, 0, -1), ('sys', 0, 1, -1), ('math', 1, 0, -1), ('cl', 1, 1, -1), ('cl', 1, 0, -1), ('audioop', 1, 0, -1), ('audioop', 1, 0, -1), ('audioop', 1, 1, -1), ('cl', 1, 1, -1), ('audioop', 1, 1, -1), ('cl', 1, 0, -1), ('audioop', 1, 0, -1), ('audioop', 1, 0, -1), ('cl', 1, 0, -1), ('audioop', 1, 1, -1)] binaries=[] datas=[]>
glob: None -> <PyModule 'glob' C:\Python27\lib\glob.pyc imports=[('sys', 0, 0, -1), ('os', 0, 0, -1), ('re', 0, 0, -1), ('fnmatch', 0, 0, -1)] binaries=[] datas=[]>
chunk: None -> <PyModule 'chunk' C:\Python27\lib\chunk.pyc imports=[('struct', 1, 0, -1)] binaries=[] datas=[]>
cl: None -> None
  DEL cl
cl: None -> None
  DEL cl
audioop: None -> <BuiltinModule 'audioop' None imports=[] binaries=[] datas=[]>
cl: None -> None
  DEL cl
cl: None -> None
  DEL cl
cl: None -> None
  DEL cl
email.mime.imghdr: None -> None
imghdr: None -> <PyModule 'imghdr' C:\Python27\lib\imghdr.pyc imports=[('sys', 1, 0, -1), ('sys', 1, 0, -1), ('os', 1, 0, -1), ('glob', 1, 1, -1)] binaries=[] datas=[]>
SOCKS: None -> None
  DEL SOCKS
termios: None -> None
  DEL termios
EasyDialogs: None -> None
  DEL EasyDialogs
EasyDialogs: None -> None
  DEL EasyDialogs
pwd: None -> None
  DEL pwd
ply.ply: None -> None
ply.cPickle: None -> None
ply.pickle: None -> None
ply.hashlib: None -> None
ply.md5: None -> None
md5: None -> <PyModule 'md5' C:\Python27\lib\md5.pyc imports=[('warnings', 0, 0, -1), ('hashlib', 0, 0, -1), ('hashlib.md5', 0, 0, -1)] binaries=[] datas=[]>
__main__: <PyScript '__main__' swim.py imports=[('sys', 0, 0, -1), ('os', 0, 0, -1), ('re', 0, 0, -1), ('types', 0, 0, -1), ('swim_lex', 0, 0, -1), ('swim_lex.*', 0, 0, -1), ('swim_parse', 0, 0, -1), ('swim_parse.*', 0, 0, -1), ('ply.yacc', 0, 0, -1)] binaries=[] datas=[]> -> <PyScript '__main__' C:\Users\Alex\Dropbox\Github\Private\PLT-SLAMM\pyinstaller-2.0 for windows\support/rthooks/pyi_rth_encodings.py imports=[('encodings', 0, 0, -1)] binaries=[] datas=[]>
posix: None -> None
  DEL posix
posix: None -> None
  DEL posix
posix: None -> None
  DEL posix
posix: None -> None
  DEL posix
posix: None -> None
  DEL posix
_emx_link: None -> None
  DEL _emx_link
_emx_link: None -> None
  DEL _emx_link
pwd: None -> None
  DEL pwd
pwd: None -> None
  DEL pwd
org: None -> None
  DEL org
org: None -> None
  DEL org
fcntl: None -> None
  DEL fcntl
readline: None -> None
  DEL readline
readline: None -> None
  DEL readline
readline: None -> None
  DEL readline
readline: None -> None
  DEL readline
fcntl: None -> None
  DEL fcntl
org: None -> None
  DEL org
org: None -> None
  DEL org
